2015-12-08 20:46:15 [INFO ] WebShow-http-nio-8080-exec-8:32 - ip : 210.44.72.152 connection!
2015-12-08 20:46:15 [INFO ] ConfigurationAFromProperties-http-nio-8080-exec-9:22 - load realize/configuration_a.properties
2015-12-08 20:46:15 [INFO ] InitMap-http-nio-8080-exec-9:65 - initialize map SUCCESS!
2015-12-08 20:46:15 [INFO ] InitMap-http-nio-8080-exec-9:68 - initialize roads SUCCESS!
2015-12-08 20:46:15 [INFO ] InitMap-http-nio-8080-exec-9:71 - initialize intersections SUCCESS!
2015-12-08 20:46:15 [INFO ] InitMap-http-nio-8080-exec-9:74 - initialize changeLight SUCCESS!
2015-12-08 20:46:15 [INFO ] InitMap-http-nio-8080-exec-9:77 - initialize initCar SUCCESS!
2015-12-08 20:46:15 [INFO ] InitMessage-http-nio-8080-exec-9:36 - {'screenSize':{'screen_width':'1600','screen_height':'799'}}__init02
2015-12-08 20:47:05 [INFO ] CarRun-Thread-245:114 - car id = 600701 go out! spend time is 49s
2015-12-08 20:47:05 [INFO ] CarRun-Thread-251:114 - car id = 600451 go out! spend time is 49s
2015-12-08 20:47:05 [INFO ] CarRun-Thread-252:114 - car id = 600501 go out! spend time is 49s
2015-12-08 20:47:15 [INFO ] CarRun-Thread-265:114 - car id = 600452 go out! spend time is 49s
2015-12-08 20:47:15 [INFO ] CarRun-Thread-266:114 - car id = 600702 go out! spend time is 49s
2015-12-08 20:47:15 [INFO ] CarRun-Thread-262:114 - car id = 600502 go out! spend time is 49s
2015-12-08 20:47:15 [INFO ] CarRun-Thread-253:114 - car id = 600751 go out! spend time is 59s
2015-12-08 20:47:16 [INFO ] CarRun-Thread-241:114 - car id = 600401 go out! spend time is 60s
2015-12-08 20:47:20 [INFO ] CarRun-Thread-239:114 - car id = 600551 go out! spend time is 64s
2015-12-08 20:47:25 [INFO ] CarRun-Thread-264:114 - car id = 600752 go out! spend time is 59s
2015-12-08 20:47:25 [INFO ] CarRun-Thread-277:114 - car id = 600503 go out! spend time is 49s
2015-12-08 20:47:25 [INFO ] CarRun-Thread-283:114 - car id = 600703 go out! spend time is 49s
2015-12-08 20:47:25 [INFO ] CarRun-Thread-291:114 - car id = 600453 go out! spend time is 49s
2015-12-08 20:47:26 [INFO ] CarRun-Thread-270:114 - car id = 600402 go out! spend time is 60s
2015-12-08 20:47:30 [INFO ] CarRun-Thread-268:114 - car id = 600552 go out! spend time is 64s
2015-12-08 20:47:35 [INFO ] CarRun-Thread-293:114 - car id = 600504 go out! spend time is 49s
2015-12-08 20:47:35 [INFO ] CarRun-Thread-297:114 - car id = 600454 go out! spend time is 49s
2015-12-08 20:47:35 [INFO ] CarRun-Thread-276:114 - car id = 600753 go out! spend time is 59s
2015-12-08 20:47:35 [INFO ] CarRun-Thread-307:114 - car id = 600704 go out! spend time is 49s
2015-12-08 20:47:36 [INFO ] CarRun-Thread-289:114 - car id = 600403 go out! spend time is 60s
2015-12-08 20:47:40 [INFO ] CarRun-Thread-275:114 - car id = 600553 go out! spend time is 64s
2015-12-08 20:47:45 [INFO ] CarRun-Thread-316:114 - car id = 600705 go out! spend time is 49s
2015-12-08 20:47:45 [INFO ] CarRun-Thread-299:114 - car id = 600754 go out! spend time is 59s
2015-12-08 20:47:45 [INFO ] CarRun-Thread-319:114 - car id = 600455 go out! spend time is 49s
2015-12-08 20:47:45 [INFO ] CarRun-Thread-318:114 - car id = 600505 go out! spend time is 49s
2015-12-08 20:47:46 [INFO ] CarRun-Thread-298:114 - car id = 600404 go out! spend time is 60s
2015-12-08 20:47:50 [INFO ] CarRun-Thread-292:114 - car id = 600554 go out! spend time is 64s
2015-12-08 20:47:55 [INFO ] CarRun-Thread-310:114 - car id = 600755 go out! spend time is 59s
2015-12-08 20:47:55 [INFO ] CarRun-Thread-243:114 - car id = 600301 go out! spend time is 99s
2015-12-08 20:47:55 [INFO ] CarRun-Thread-242:114 - car id = 600351 go out! spend time is 99s
2015-12-08 20:47:55 [INFO ] CarRun-Thread-333:114 - car id = 600706 go out! spend time is 49s
2015-12-08 20:47:55 [INFO ] CarRun-Thread-339:114 - car id = 600456 go out! spend time is 49s
2015-12-08 20:47:55 [INFO ] CarRun-Thread-335:114 - car id = 600506 go out! spend time is 49s
2015-12-08 20:47:56 [INFO ] CarRun-Thread-311:114 - car id = 600405 go out! spend time is 60s
2015-12-08 20:47:58 [INFO ] CarRun-Thread-249:114 - car id = 600651 go out! spend time is 102s
2015-12-08 20:47:59 [INFO ] CarRun-Thread-244:114 - car id = 600051 go out! spend time is 103s
2015-12-08 20:47:59 [INFO ] CarRun-Thread-240:114 - car id = 600001 go out! spend time is 103s
2015-12-08 20:48:00 [INFO ] CarRun-Thread-250:114 - car id = 600101 go out! spend time is 104s
2015-12-08 20:48:00 [INFO ] CarRun-Thread-322:114 - car id = 600555 go out! spend time is 64s
2015-12-08 20:48:00 [INFO ] CarRun-Thread-246:114 - car id = 600201 go out! spend time is 104s
2015-12-08 20:48:03 [INFO ] CarRun-Thread-237:114 - car id = 600601 go out! spend time is 107s
2015-12-08 20:48:05 [INFO ] CarRun-Thread-347:114 - car id = 600457 go out! spend time is 49s
2015-12-08 20:48:05 [INFO ] CarRun-Thread-359:114 - car id = 600507 go out! spend time is 49s
2015-12-08 20:48:05 [INFO ] CarRun-Thread-345:114 - car id = 600707 go out! spend time is 49s
2015-12-08 20:48:05 [INFO ] CarRun-Thread-337:114 - car id = 600756 go out! spend time is 59s
2015-12-08 20:48:05 [INFO ] CarRun-Thread-271:114 - car id = 600302 go out! spend time is 99s
2015-12-08 20:48:05 [INFO ] CarRun-Thread-274:114 - car id = 600352 go out! spend time is 99s
2015-12-08 20:48:06 [INFO ] CarRun-Thread-328:114 - car id = 600406 go out! spend time is 60s
2015-12-08 20:48:08 [INFO ] CarRun-Thread-269:114 - car id = 600652 go out! spend time is 102s
2015-12-08 20:48:09 [INFO ] CarRun-Thread-259:114 - car id = 600052 go out! spend time is 103s
2015-12-08 20:48:09 [INFO ] CarRun-Thread-261:114 - car id = 600002 go out! spend time is 103s
2015-12-08 20:48:10 [INFO ] CarRun-Thread-260:114 - car id = 600102 go out! spend time is 104s
2015-12-08 20:48:10 [INFO ] CarRun-Thread-342:114 - car id = 600556 go out! spend time is 64s
2015-12-08 20:48:10 [INFO ] CarRun-Thread-267:114 - car id = 600202 go out! spend time is 104s
2015-12-08 20:48:15 [INFO ] CarRun-Thread-284:114 - car id = 600353 go out! spend time is 99s
2015-12-08 20:48:15 [INFO ] CarRun-Thread-361:114 - car id = 600708 go out! spend time is 49s
2015-12-08 20:48:15 [INFO ] CarRun-Thread-366:114 - car id = 600508 go out! spend time is 49s
2015-12-08 20:48:15 [INFO ] CarRun-Thread-353:114 - car id = 600757 go out! spend time is 59s
2015-12-08 20:48:15 [INFO ] CarRun-Thread-282:114 - car id = 600303 go out! spend time is 99s
2015-12-08 20:48:15 [INFO ] CarRun-Thread-364:114 - car id = 600458 go out! spend time is 49s
2015-12-08 20:48:16 [INFO ] CarRun-Thread-346:114 - car id = 600407 go out! spend time is 60s
2015-12-08 20:48:18 [INFO ] CarRun-Thread-279:114 - car id = 600653 go out! spend time is 102s
2015-12-08 20:48:19 [INFO ] CarRun-Thread-288:114 - car id = 600053 go out! spend time is 103s
2015-12-08 20:48:19 [INFO ] CarRun-Thread-287:114 - car id = 600003 go out! spend time is 103s
2015-12-08 20:48:20 [INFO ] CarRun-Thread-290:114 - car id = 600103 go out! spend time is 104s
2015-12-08 20:48:20 [INFO ] CarRun-Thread-356:114 - car id = 600557 go out! spend time is 64s
2015-12-08 20:48:20 [INFO ] CarRun-Thread-280:114 - car id = 600203 go out! spend time is 104s
2015-12-08 20:48:25 [INFO ] CarRun-Thread-296:114 - car id = 600304 go out! spend time is 99s
2015-12-08 20:48:25 [INFO ] CarRun-Thread-360:114 - car id = 600758 go out! spend time is 59s
2015-12-08 20:48:25 [INFO ] CarRun-Thread-391:114 - car id = 600459 go out! spend time is 49s
2015-12-08 20:48:25 [INFO ] CarRun-Thread-379:114 - car id = 600509 go out! spend time is 49s
2015-12-08 20:48:25 [INFO ] CarRun-Thread-392:114 - car id = 600709 go out! spend time is 49s
2015-12-08 20:48:25 [INFO ] CarRun-Thread-294:114 - car id = 600354 go out! spend time is 99s
2015-12-08 20:48:25 [INFO ] CarRun-Thread-247:114 - car id = 600151 go out! spend time is 129s
2015-12-08 20:48:26 [INFO ] CarRun-Thread-373:114 - car id = 600408 go out! spend time is 60s
2015-12-08 20:48:28 [INFO ] CarRun-Thread-306:114 - car id = 600654 go out! spend time is 102s
2015-12-08 20:48:29 [INFO ] CarRun-Thread-295:114 - car id = 600054 go out! spend time is 103s
2015-12-08 20:48:29 [INFO ] CarRun-Thread-303:114 - car id = 600004 go out! spend time is 103s
2015-12-08 20:48:30 [INFO ] CarRun-Thread-367:114 - car id = 600558 go out! spend time is 64s
2015-12-08 20:48:30 [INFO ] CarRun-Thread-308:114 - car id = 600104 go out! spend time is 104s
2015-12-08 20:48:30 [INFO ] CarRun-Thread-300:114 - car id = 600204 go out! spend time is 104s
2015-12-08 20:48:32 [INFO ] CarRun-Thread-254:114 - car id = 600801 go out! spend time is 136s
2015-12-08 20:48:33 [INFO ] CarRun-Thread-258:114 - car id = 600602 go out! spend time is 127s
2015-12-08 20:48:33 [INFO ] CarRun-Thread-286:114 - car id = 600603 go out! spend time is 117s
2015-12-08 20:48:35 [INFO ] CarRun-Thread-312:114 - car id = 600355 go out! spend time is 99s
2015-12-08 20:48:35 [INFO ] CarRun-Thread-405:114 - car id = 600460 go out! spend time is 49s
2015-12-08 20:48:35 [INFO ] CarRun-Thread-394:114 - car id = 600510 go out! spend time is 49s
2015-12-08 20:48:35 [INFO ] CarRun-Thread-383:114 - car id = 600759 go out! spend time is 59s
2015-12-08 20:48:35 [INFO ] CarRun-Thread-309:114 - car id = 600305 go out! spend time is 99s
2015-12-08 20:48:35 [INFO ] CarRun-Thread-397:114 - car id = 600710 go out! spend time is 49s
2015-12-08 20:48:36 [INFO ] CarRun-Thread-389:114 - car id = 600409 go out! spend time is 60s
2015-12-08 20:48:38 [INFO ] CarRun-Thread-323:114 - car id = 600655 go out! spend time is 102s
2015-12-08 20:48:39 [INFO ] CarRun-Thread-321:114 - car id = 600055 go out! spend time is 103s
2015-12-08 20:48:39 [INFO ] CarRun-Thread-324:114 - car id = 600005 go out! spend time is 103s
2015-12-08 20:48:40 [INFO ] CarRun-Thread-385:114 - car id = 600559 go out! spend time is 64s
2015-12-08 20:48:40 [INFO ] CarRun-Thread-320:114 - car id = 600105 go out! spend time is 104s
2015-12-08 20:48:43 [INFO ] CarRun-Thread-301:114 - car id = 600604 go out! spend time is 117s
2015-12-08 20:48:45 [INFO ] CarRun-Thread-314:114 - car id = 600205 go out! spend time is 109s
2015-12-08 20:48:45 [INFO ] CarRun-Thread-427:114 - car id = 600461 go out! spend time is 49s
2015-12-08 20:48:45 [INFO ] CarRun-Thread-334:114 - car id = 600306 go out! spend time is 99s
2015-12-08 20:48:45 [INFO ] CarRun-Thread-415:114 - car id = 600711 go out! spend time is 49s
2015-12-08 20:48:45 [INFO ] CarRun-Thread-338:114 - car id = 600356 go out! spend time is 99s
2015-12-08 20:48:45 [INFO ] CarRun-Thread-406:114 - car id = 600760 go out! spend time is 59s
2015-12-08 20:48:45 [INFO ] CarRun-Thread-414:114 - car id = 600511 go out! spend time is 49s
2015-12-08 20:48:45 [INFO ] CarRun-Thread-272:114 - car id = 600152 go out! spend time is 139s
2015-12-08 20:48:45 [INFO ] CarRun-Thread-248:114 - car id = 600251 go out! spend time is 149s
2015-12-08 20:48:46 [INFO ] CarRun-Thread-402:114 - car id = 600410 go out! spend time is 60s
2015-12-08 20:48:48 [INFO ] CarRun-Thread-326:114 - car id = 600656 go out! spend time is 102s
2015-12-08 20:48:49 [INFO ] CarRun-Thread-340:114 - car id = 600056 go out! spend time is 103s
2015-12-08 20:48:49 [INFO ] CarRun-Thread-330:114 - car id = 600006 go out! spend time is 103s
2015-12-08 20:48:50 [INFO ] CarRun-Thread-407:114 - car id = 600560 go out! spend time is 64s
2015-12-08 20:48:50 [INFO ] CarRun-Thread-332:114 - car id = 600106 go out! spend time is 104s
2015-12-08 20:48:52 [INFO ] CarRun-Thread-273:114 - car id = 600802 go out! spend time is 146s
2015-12-08 20:48:52 [INFO ] CarRun-Thread-281:114 - car id = 600803 go out! spend time is 136s
2015-12-08 20:48:53 [INFO ] CarRun-Thread-313:114 - car id = 600605 go out! spend time is 117s
2015-12-08 20:48:55 [INFO ] CarRun-Thread-329:114 - car id = 600206 go out! spend time is 109s
2015-12-08 20:48:55 [INFO ] CarRun-Thread-417:114 - car id = 600761 go out! spend time is 59s
2015-12-08 20:48:55 [INFO ] CarRun-Thread-355:114 - car id = 600307 go out! spend time is 99s
2015-12-08 20:48:55 [INFO ] CarRun-Thread-343:114 - car id = 600357 go out! spend time is 99s
2015-12-08 20:48:55 [INFO ] CarRun-Thread-440:114 - car id = 600512 go out! spend time is 49s
2015-12-08 20:48:55 [INFO ] CarRun-Thread-433:114 - car id = 600712 go out! spend time is 49s
2015-12-08 20:48:55 [INFO ] CarRun-Thread-437:114 - car id = 600462 go out! spend time is 49s
2015-12-08 20:48:55 [INFO ] CarRun-Thread-263:114 - car id = 600252 go out! spend time is 149s
2015-12-08 20:48:55 [INFO ] CarRun-Thread-278:114 - car id = 600153 go out! spend time is 139s
2015-12-08 20:48:56 [INFO ] CarRun-Thread-422:114 - car id = 600411 go out! spend time is 60s
2015-12-08 20:48:58 [INFO ] CarRun-Thread-349:114 - car id = 600657 go out! spend time is 102s
2015-12-08 20:48:59 [INFO ] CarRun-Thread-351:114 - car id = 600057 go out! spend time is 103s
2015-12-08 20:48:59 [INFO ] CarRun-Thread-358:114 - car id = 600007 go out! spend time is 103s
2015-12-08 20:49:00 [INFO ] CarRun-Thread-421:114 - car id = 600561 go out! spend time is 64s
2015-12-08 20:49:00 [INFO ] CarRun-Thread-344:114 - car id = 600107 go out! spend time is 104s
2015-12-08 20:49:00 [INFO ] CarRun-Thread-350:114 - car id = 600207 go out! spend time is 104s
2015-12-08 20:49:02 [INFO ] CarRun-Thread-304:114 - car id = 600804 go out! spend time is 136s
2015-12-08 20:49:03 [INFO ] CarRun-Thread-336:114 - car id = 600606 go out! spend time is 117s
2015-12-08 20:49:05 [INFO ] CarRun-Thread-458:114 - car id = 600513 go out! spend time is 49s
2015-12-08 20:49:05 [INFO ] CarRun-Thread-452:114 - car id = 600713 go out! spend time is 49s
2015-12-08 20:49:05 [INFO ] CarRun-Thread-362:114 - car id = 600358 go out! spend time is 99s
2015-12-08 20:49:05 [INFO ] CarRun-Thread-365:114 - car id = 600308 go out! spend time is 99s
2015-12-08 20:49:05 [INFO ] CarRun-Thread-432:114 - car id = 600762 go out! spend time is 59s
2015-12-08 20:49:05 [INFO ] CarRun-Thread-461:114 - car id = 600463 go out! spend time is 49s
2015-12-08 20:49:05 [INFO ] CarRun-Thread-302:114 - car id = 600154 go out! spend time is 139s
2015-12-08 20:49:05 [INFO ] CarRun-Thread-285:114 - car id = 600253 go out! spend time is 149s
2015-12-08 20:49:06 [INFO ] CarRun-Thread-436:114 - car id = 600412 go out! spend time is 60s
2015-12-08 20:49:08 [INFO ] CarRun-Thread-370:114 - car id = 600658 go out! spend time is 102s
2015-12-08 20:49:09 [INFO ] CarRun-Thread-375:114 - car id = 600058 go out! spend time is 103s
2015-12-08 20:49:09 [INFO ] CarRun-Thread-374:114 - car id = 600008 go out! spend time is 103s
2015-12-08 20:49:10 [INFO ] CarRun-Thread-371:114 - car id = 600108 go out! spend time is 104s
2015-12-08 20:49:10 [INFO ] CarRun-Thread-442:114 - car id = 600562 go out! spend time is 64s
2015-12-08 20:49:15 [INFO ] CarRun-Thread-369:114 - car id = 600208 go out! spend time is 109s
2015-12-08 20:49:15 [INFO ] CarRun-Thread-473:114 - car id = 600464 go out! spend time is 49s
2015-12-08 20:49:15 [INFO ] CarRun-Thread-462:114 - car id = 600514 go out! spend time is 49s
2015-12-08 20:49:15 [INFO ] CarRun-Thread-450:114 - car id = 600763 go out! spend time is 59s
2015-12-08 20:49:15 [INFO ] CarRun-Thread-387:114 - car id = 600359 go out! spend time is 99s
2015-12-08 20:49:15 [INFO ] CarRun-Thread-382:114 - car id = 600309 go out! spend time is 99s
2015-12-08 20:49:15 [INFO ] CarRun-Thread-476:114 - car id = 600714 go out! spend time is 49s
2015-12-08 20:49:15 [INFO ] CarRun-Thread-317:114 - car id = 600155 go out! spend time is 139s
2015-12-08 20:49:16 [INFO ] CarRun-Thread-456:114 - car id = 600413 go out! spend time is 60s
2015-12-08 20:49:18 [INFO ] CarRun-Thread-390:114 - car id = 600659 go out! spend time is 102s
2015-12-08 20:49:19 [INFO ] CarRun-Thread-388:114 - car id = 600059 go out! spend time is 103s
2015-12-08 20:49:19 [INFO ] CarRun-Thread-327:114 - car id = 600156 go out! spend time is 133s
2015-12-08 20:49:19 [INFO ] CarRun-Thread-384:114 - car id = 600009 go out! spend time is 103s
2015-12-08 20:49:20 [INFO ] CarRun-Thread-377:114 - car id = 600109 go out! spend time is 104s
2015-12-08 20:49:20 [INFO ] CarRun-Thread-445:114 - car id = 600563 go out! spend time is 64s
2015-12-08 20:49:22 [INFO ] CarRun-Thread-331:114 - car id = 600806 go out! spend time is 136s
2015-12-08 20:49:22 [INFO ] CarRun-Thread-325:114 - car id = 600805 go out! spend time is 146s
2015-12-08 20:49:23 [INFO ] CarRun-Thread-354:114 - car id = 600607 go out! spend time is 127s
2015-12-08 20:49:25 [INFO ] CarRun-Thread-493:114 - car id = 600465 go out! spend time is 49s
2015-12-08 20:49:25 [INFO ] CarRun-Thread-393:114 - car id = 600209 go out! spend time is 109s
2015-12-08 20:49:25 [INFO ] CarRun-Thread-479:114 - car id = 600515 go out! spend time is 49s
2015-12-08 20:49:25 [INFO ] CarRun-Thread-469:114 - car id = 600764 go out! spend time is 59s
2015-12-08 20:49:25 [INFO ] CarRun-Thread-408:114 - car id = 600310 go out! spend time is 99s
2015-12-08 20:49:25 [INFO ] CarRun-Thread-401:114 - car id = 600360 go out! spend time is 99s
2015-12-08 20:49:25 [INFO ] CarRun-Thread-484:114 - car id = 600715 go out! spend time is 49s
2015-12-08 20:49:25 [INFO ] CarRun-Thread-305:114 - car id = 600254 go out! spend time is 159s
2015-12-08 20:49:26 [INFO ] CarRun-Thread-463:114 - car id = 600414 go out! spend time is 60s
2015-12-08 20:49:28 [INFO ] CarRun-Thread-398:114 - car id = 600660 go out! spend time is 102s
2015-12-08 20:49:29 [INFO ] CarRun-Thread-418:114 - car id = 600061 go out! spend time is 93s
2015-12-08 20:49:29 [INFO ] CarRun-Thread-357:114 - car id = 600157 go out! spend time is 133s
2015-12-08 20:49:29 [INFO ] CarRun-Thread-403:114 - car id = 600010 go out! spend time is 103s
2015-12-08 20:49:29 [INFO ] CarRun-Thread-396:114 - car id = 600060 go out! spend time is 103s
2015-12-08 20:49:30 [INFO ] CarRun-Thread-474:114 - car id = 600564 go out! spend time is 64s
2015-12-08 20:49:30 [INFO ] CarRun-Thread-409:114 - car id = 600110 go out! spend time is 104s
2015-12-08 20:49:32 [INFO ] CarRun-Thread-352:114 - car id = 600807 go out! spend time is 136s
2015-12-08 20:49:33 [INFO ] CarRun-Thread-372:114 - car id = 600608 go out! spend time is 127s
2015-12-08 20:49:33 [INFO ] CarRun-Thread-381:114 - car id = 600609 go out! spend time is 117s
2015-12-08 20:49:35 [INFO ] CarRun-Thread-423:114 - car id = 600311 go out! spend time is 99s
2015-12-08 20:49:35 [INFO ] CarRun-Thread-487:114 - car id = 600765 go out! spend time is 59s
2015-12-08 20:49:35 [INFO ] CarRun-Thread-411:114 - car id = 600361 go out! spend time is 99s
2015-12-08 20:49:35 [INFO ] CarRun-Thread-404:114 - car id = 600210 go out! spend time is 109s
2015-12-08 20:49:35 [INFO ] CarRun-Thread-502:114 - car id = 600466 go out! spend time is 49s
2015-12-08 20:49:35 [INFO ] CarRun-Thread-512:114 - car id = 600716 go out! spend time is 49s
2015-12-08 20:49:35 [INFO ] CarRun-Thread-500:114 - car id = 600516 go out! spend time is 49s
2015-12-08 20:49:35 [INFO ] CarRun-Thread-315:114 - car id = 600255 go out! spend time is 159s
2015-12-08 20:49:36 [INFO ] CarRun-Thread-491:114 - car id = 600415 go out! spend time is 60s
2015-12-08 20:49:38 [INFO ] CarRun-Thread-416:114 - car id = 600661 go out! spend time is 102s
2015-12-08 20:49:39 [INFO ] CarRun-Thread-443:114 - car id = 600062 go out! spend time is 93s
2015-12-08 20:49:39 [INFO ] CarRun-Thread-376:114 - car id = 600158 go out! spend time is 133s
2015-12-08 20:49:39 [INFO ] CarRun-Thread-424:114 - car id = 600011 go out! spend time is 103s
2015-12-08 20:49:40 [INFO ] CarRun-Thread-480:114 - car id = 600565 go out! spend time is 64s
2015-12-08 20:49:40 [INFO ] CarRun-Thread-413:114 - car id = 600111 go out! spend time is 104s
2015-12-08 20:49:40 [INFO ] CarRun-Thread-420:114 - car id = 600211 go out! spend time is 104s
2015-12-08 20:49:43 [INFO ] CarRun-Thread-399:114 - car id = 600610 go out! spend time is 117s
2015-12-08 20:49:45 [INFO ] CarRun-Thread-515:114 - car id = 600717 go out! spend time is 49s
2015-12-08 20:49:45 [INFO ] CarRun-Thread-431:114 - car id = 600312 go out! spend time is 99s
2015-12-08 20:49:45 [INFO ] CarRun-Thread-503:114 - car id = 600766 go out! spend time is 59s
2015-12-08 20:49:45 [INFO ] CarRun-Thread-523:114 - car id = 600517 go out! spend time is 49s
2015-12-08 20:49:45 [INFO ] CarRun-Thread-439:114 - car id = 600362 go out! spend time is 99s
2015-12-08 20:49:45 [INFO ] CarRun-Thread-517:114 - car id = 600467 go out! spend time is 49s
2015-12-08 20:49:45 [INFO ] CarRun-Thread-341:114 - car id = 600256 go out! spend time is 159s
2015-12-08 20:49:46 [INFO ] CarRun-Thread-510:114 - car id = 600416 go out! spend time is 60s
2015-12-08 20:49:48 [INFO ] CarRun-Thread-428:114 - car id = 600662 go out! spend time is 102s
2015-12-08 20:49:49 [INFO ] CarRun-Thread-446:114 - car id = 600063 go out! spend time is 93s
2015-12-08 20:49:49 [INFO ] CarRun-Thread-444:114 - car id = 600012 go out! spend time is 103s
2015-12-08 20:49:50 [INFO ] CarRun-Thread-434:114 - car id = 600112 go out! spend time is 104s
2015-12-08 20:49:50 [INFO ] CarRun-Thread-511:114 - car id = 600566 go out! spend time is 64s
2015-12-08 20:49:50 [INFO ] CarRun-Thread-430:114 - car id = 600212 go out! spend time is 104s
2015-12-08 20:49:52 [INFO ] CarRun-Thread-386:114 - car id = 600809 go out! spend time is 136s
2015-12-08 20:49:52 [INFO ] CarRun-Thread-368:114 - car id = 600808 go out! spend time is 146s
2015-12-08 20:49:55 [INFO ] CarRun-Thread-459:114 - car id = 600313 go out! spend time is 99s
2015-12-08 20:49:55 [INFO ] CarRun-Thread-455:114 - car id = 600363 go out! spend time is 99s
2015-12-08 20:49:55 [INFO ] CarRun-Thread-541:114 - car id = 600468 go out! spend time is 49s
2015-12-08 20:49:55 [INFO ] CarRun-Thread-526:114 - car id = 600767 go out! spend time is 59s
2015-12-08 20:49:55 [INFO ] CarRun-Thread-533:114 - car id = 600518 go out! spend time is 49s
2015-12-08 20:49:55 [INFO ] CarRun-Thread-540:114 - car id = 600718 go out! spend time is 49s
2015-12-08 20:49:55 [INFO ] CarRun-Thread-378:114 - car id = 600159 go out! spend time is 139s
2015-12-08 20:49:55 [INFO ] CarRun-Thread-348:114 - car id = 600257 go out! spend time is 159s
2015-12-08 20:49:56 [INFO ] CarRun-Thread-525:114 - car id = 600417 go out! spend time is 60s
2015-12-08 20:49:58 [INFO ] CarRun-Thread-451:114 - car id = 600663 go out! spend time is 102s
2015-12-08 20:49:59 [INFO ] CarRun-Thread-470:114 - car id = 600064 go out! spend time is 93s
2015-12-08 20:49:59 [INFO ] CarRun-Thread-454:114 - car id = 600013 go out! spend time is 103s
2015-12-08 20:50:00 [INFO ] CarRun-Thread-448:114 - car id = 600113 go out! spend time is 104s
2015-12-08 20:50:00 [INFO ] CarRun-Thread-513:114 - car id = 600567 go out! spend time is 64s
2015-12-08 20:50:02 [INFO ] CarRun-Thread-410:114 - car id = 600810 go out! spend time is 136s
2015-12-08 20:50:03 [INFO ] CarRun-Thread-412:114 - car id = 600611 go out! spend time is 127s
2015-12-08 20:50:03 [INFO ] CarRun-Thread-438:114 - car id = 600612 go out! spend time is 117s
2015-12-08 20:50:05 [INFO ] CarRun-Thread-449:114 - car id = 600213 go out! spend time is 109s
2015-12-08 20:50:05 [INFO ] CarRun-Thread-547:114 - car id = 600469 go out! spend time is 49s
2015-12-08 20:50:05 [INFO ] CarRun-Thread-556:114 - car id = 600519 go out! spend time is 49s
2015-12-08 20:50:05 [INFO ] CarRun-Thread-562:114 - car id = 600719 go out! spend time is 49s
2015-12-08 20:50:05 [INFO ] CarRun-Thread-472:114 - car id = 600314 go out! spend time is 99s
2015-12-08 20:50:05 [INFO ] CarRun-Thread-467:114 - car id = 600364 go out! spend time is 99s
2015-12-08 20:50:05 [INFO ] CarRun-Thread-537:114 - car id = 600768 go out! spend time is 59s
2015-12-08 20:50:05 [INFO ] CarRun-Thread-380:114 - car id = 600259 go out! spend time is 149s
2015-12-08 20:50:05 [INFO ] CarRun-Thread-363:114 - car id = 600258 go out! spend time is 159s
2015-12-08 20:50:05 [INFO ] CarRun-Thread-395:114 - car id = 600160 go out! spend time is 139s
2015-12-08 20:50:06 [INFO ] CarRun-Thread-544:114 - car id = 600418 go out! spend time is 60s
2015-12-08 20:50:08 [INFO ] CarRun-Thread-466:114 - car id = 600664 go out! spend time is 102s
2015-12-08 20:50:09 [INFO ] CarRun-Thread-489:114 - car id = 600065 go out! spend time is 93s
2015-12-08 20:50:09 [INFO ] CarRun-Thread-478:114 - car id = 600014 go out! spend time is 103s
2015-12-08 20:50:10 [INFO ] CarRun-Thread-532:114 - car id = 600568 go out! spend time is 64s
2015-12-08 20:50:10 [INFO ] CarRun-Thread-471:114 - car id = 600114 go out! spend time is 104s
2015-12-08 20:50:10 [INFO ] CarRun-Thread-464:114 - car id = 600214 go out! spend time is 104s
2015-12-08 20:50:13 [INFO ] CarRun-Thread-457:114 - car id = 600613 go out! spend time is 117s
2015-12-08 20:50:15 [INFO ] CarRun-Thread-576:114 - car id = 600520 go out! spend time is 49s
2015-12-08 20:50:15 [INFO ] CarRun-Thread-574:114 - car id = 600470 go out! spend time is 49s
2015-12-08 20:50:15 [INFO ] CarRun-Thread-482:114 - car id = 600315 go out! spend time is 99s
2015-12-08 20:50:15 [INFO ] CarRun-Thread-483:114 - car id = 600365 go out! spend time is 99s
2015-12-08 20:50:15 [INFO ] CarRun-Thread-559:114 - car id = 600769 go out! spend time is 59s
2015-12-08 20:50:15 [INFO ] CarRun-Thread-564:114 - car id = 600720 go out! spend time is 49s
2015-12-08 20:50:15 [INFO ] CarRun-Thread-419:114 - car id = 600161 go out! spend time is 139s
2015-12-08 20:50:16 [INFO ] CarRun-Thread-561:114 - car id = 600419 go out! spend time is 60s
2015-12-08 20:50:18 [INFO ] CarRun-Thread-494:114 - car id = 600665 go out! spend time is 102s
2015-12-08 20:50:20 [INFO ] CarRun-Thread-490:114 - car id = 600015 go out! spend time is 104s
2015-12-08 20:50:20 [INFO ] CarRun-Thread-552:114 - car id = 600569 go out! spend time is 64s
2015-12-08 20:50:21 [INFO ] CarRun-Thread-486:114 - car id = 600115 go out! spend time is 105s
2015-12-08 20:50:23 [INFO ] CarRun-Thread-425:114 - car id = 600811 go out! spend time is 147s
2015-12-08 20:50:23 [INFO ] CarRun-Thread-441:114 - car id = 600812 go out! spend time is 137s
2015-12-08 20:50:26 [INFO ] CarRun-Thread-435:114 - car id = 600162 go out! spend time is 140s
2015-12-08 20:50:26 [INFO ] CarRun-Thread-565:114 - car id = 600770 go out! spend time is 60s
2015-12-08 20:50:26 [INFO ] CarRun-Thread-501:114 - car id = 600366 go out! spend time is 100s
2015-12-08 20:50:26 [INFO ] CarRun-Thread-509:114 - car id = 600316 go out! spend time is 100s
2015-12-08 20:50:26 [INFO ] CarRun-Thread-586:114 - car id = 600721 go out! spend time is 50s
2015-12-08 20:50:26 [INFO ] CarRun-Thread-595:114 - car id = 600471 go out! spend time is 50s
2015-12-08 20:50:26 [INFO ] CarRun-Thread-582:114 - car id = 600521 go out! spend time is 50s
2015-12-08 20:50:27 [INFO ] CarRun-Thread-400:114 - car id = 600260 go out! spend time is 161s
2015-12-08 20:50:28 [INFO ] CarRun-Thread-572:114 - car id = 600420 go out! spend time is 61s
2015-12-08 20:50:30 [INFO ] CarRun-Thread-498:114 - car id = 600016 go out! spend time is 104s
2015-12-08 20:50:30 [INFO ] CarRun-Thread-506:114 - car id = 600666 go out! spend time is 104s
2015-12-08 20:50:30 [INFO ] CarRun-Thread-453:114 - car id = 600163 go out! spend time is 134s
2015-12-08 20:50:31 [INFO ] CarRun-Thread-485:114 - car id = 600215 go out! spend time is 115s
2015-12-08 20:50:31 [INFO ] CarRun-Thread-507:114 - car id = 600066 go out! spend time is 105s
2015-12-08 20:50:31 [INFO ] CarRun-Thread-570:114 - car id = 600570 go out! spend time is 65s
2015-12-08 20:50:31 [INFO ] CarRun-Thread-519:114 - car id = 600067 go out! spend time is 95s
2015-12-08 20:50:32 [INFO ] CarRun-Thread-504:114 - car id = 600116 go out! spend time is 106s
2015-12-08 20:50:33 [INFO ] CarRun-Thread-460:114 - car id = 600813 go out! spend time is 137s
2015-12-08 20:50:35 [INFO ] CarRun-Thread-475:114 - car id = 600614 go out! spend time is 129s
2015-12-08 20:50:37 [INFO ] CarRun-Thread-598:114 - car id = 600522 go out! spend time is 50s
2015-12-08 20:50:37 [INFO ] CarRun-Thread-614:114 - car id = 600472 go out! spend time is 50s
2015-12-08 20:50:37 [INFO ] CarRun-Thread-600:114 - car id = 600722 go out! spend time is 50s
2015-12-08 20:50:37 [INFO ] CarRun-Thread-429:114 - car id = 600262 go out! spend time is 151s
2015-12-08 20:50:37 [INFO ] CarRun-Thread-426:114 - car id = 600261 go out! spend time is 161s
2015-12-08 20:50:37 [INFO ] CarRun-Thread-529:114 - car id = 600317 go out! spend time is 101s
2015-12-08 20:50:37 [INFO ] CarRun-Thread-514:114 - car id = 600367 go out! spend time is 101s
2015-12-08 20:50:37 [INFO ] CarRun-Thread-585:114 - car id = 600771 go out! spend time is 61s
2015-12-08 20:50:38 [INFO ] CarRun-Thread-594:114 - car id = 600421 go out! spend time is 62s
2015-12-08 20:50:41 [INFO ] CarRun-Thread-508:114 - car id = 600216 go out! spend time is 115s
2015-12-08 20:50:42 [INFO ] CarRun-Thread-518:114 - car id = 600117 go out! spend time is 105s
2015-12-08 20:50:42 [INFO ] CarRun-Thread-589:114 - car id = 600571 go out! spend time is 65s
2015-12-08 20:50:45 [INFO ] CarRun-Thread-492:114 - car id = 600615 go out! spend time is 129s
2015-12-08 20:50:46 [INFO ] CarRun-Thread-465:114 - car id = 600164 go out! spend time is 140s
2015-12-08 20:50:46 [INFO ] CarRun-Thread-622:114 - car id = 600723 go out! spend time is 50s
2015-12-08 20:50:47 [INFO ] CarRun-Thread-527:114 - car id = 600667 go out! spend time is 110s
2015-12-08 20:50:47 [INFO ] CarRun-Thread-629:114 - car id = 600473 go out! spend time is 51s
2015-12-08 20:50:47 [INFO ] CarRun-Thread-621:114 - car id = 600523 go out! spend time is 51s
2015-12-08 20:50:47 [INFO ] CarRun-Thread-447:114 - car id = 600263 go out! spend time is 151s
2015-12-08 20:50:48 [INFO ] CarRun-Thread-605:114 - car id = 600772 go out! spend time is 62s
2015-12-08 20:50:48 [INFO ] CarRun-Thread-543:114 - car id = 600368 go out! spend time is 102s
2015-12-08 20:50:48 [INFO ] CarRun-Thread-546:114 - car id = 600318 go out! spend time is 102s
2015-12-08 20:50:48 [INFO ] CarRun-Thread-610:114 - car id = 600422 go out! spend time is 62s
2015-12-08 20:50:50 [INFO ] CarRun-Thread-516:114 - car id = 600017 go out! spend time is 114s
2015-12-08 20:50:51 [INFO ] CarRun-Thread-521:114 - car id = 600217 go out! spend time is 115s
2015-12-08 20:50:51 [INFO ] CarRun-Thread-608:114 - car id = 600572 go out! spend time is 65s
2015-12-08 20:50:52 [INFO ] CarRun-Thread-530:114 - car id = 600118 go out! spend time is 105s
2015-12-08 20:50:52 [INFO ] CarRun-Thread-531:114 - car id = 600068 go out! spend time is 106s
2015-12-08 20:50:53 [INFO ] CarRun-Thread-548:114 - car id = 600069 go out! spend time is 97s
2015-12-08 20:50:53 [INFO ] CarRun-Thread-477:114 - car id = 600814 go out! spend time is 147s
2015-12-08 20:50:53 [INFO ] CarRun-Thread-488:114 - car id = 600815 go out! spend time is 137s
2015-12-08 20:50:55 [INFO ] CarRun-Thread-496:114 - car id = 600616 go out! spend time is 129s
2015-12-08 20:50:56 [INFO ] CarRun-Thread-481:114 - car id = 600165 go out! spend time is 140s
2015-12-08 20:50:57 [INFO ] CarRun-Thread-634:114 - car id = 600524 go out! spend time is 51s
2015-12-08 20:50:57 [INFO ] CarRun-Thread-536:114 - car id = 600668 go out! spend time is 111s
2015-12-08 20:50:58 [INFO ] CarRun-Thread-563:114 - car id = 600369 go out! spend time is 102s
2015-12-08 20:50:58 [INFO ] CarRun-Thread-631:114 - car id = 600423 go out! spend time is 62s
2015-12-08 20:50:59 [INFO ] CarRun-Thread-623:114 - car id = 600773 go out! spend time is 63s
2015-12-08 20:50:59 [INFO ] CarRun-Thread-560:114 - car id = 600319 go out! spend time is 103s
2015-12-08 20:51:00 [INFO ] CarRun-Thread-538:114 - car id = 600018 go out! spend time is 114s
2015-12-08 20:51:01 [INFO ] CarRun-Thread-535:114 - car id = 600218 go out! spend time is 115s
2015-12-08 20:51:01 [INFO ] CarRun-Thread-625:114 - car id = 600573 go out! spend time is 65s
2015-12-08 20:51:02 [INFO ] CarRun-Thread-558:114 - car id = 600119 go out! spend time is 106s
2015-12-08 20:51:03 [INFO ] CarRun-Thread-499:114 - car id = 600816 go out! spend time is 137s
2015-12-08 20:51:05 [INFO ] CarRun-Thread-524:114 - car id = 600617 go out! spend time is 129s
2015-12-08 20:51:06 [INFO ] CarRun-Thread-505:114 - car id = 600166 go out! spend time is 140s
2015-12-08 20:51:06 [INFO ] CarRun-Thread-635:114 - car id = 600724 go out! spend time is 60s
2015-12-08 20:51:06 [INFO ] CarRun-Thread-642:114 - car id = 600474 go out! spend time is 60s
2015-12-08 20:51:07 [INFO ] CarRun-Thread-554:114 - car id = 600669 go out! spend time is 111s
2015-12-08 20:51:09 [INFO ] CarRun-Thread-641:114 - car id = 600424 go out! spend time is 63s
2015-12-08 20:51:09 [INFO ] CarRun-Thread-633:114 - car id = 600774 go out! spend time is 63s
2015-12-08 20:51:09 [INFO ] CarRun-Thread-577:114 - car id = 600320 go out! spend time is 103s
2015-12-08 20:51:10 [INFO ] CarRun-Thread-550:114 - car id = 600019 go out! spend time is 114s
2015-12-08 20:51:11 [INFO ] CarRun-Thread-579:114 - car id = 600120 go out! spend time is 105s
2015-12-08 20:51:11 [INFO ] CarRun-Thread-645:114 - car id = 600574 go out! spend time is 65s
2015-12-08 20:51:12 [INFO ] CarRun-Thread-578:114 - car id = 600070 go out! spend time is 106s
2015-12-08 20:51:15 [INFO ] CarRun-Thread-542:114 - car id = 600618 go out! spend time is 129s
2015-12-08 20:51:16 [INFO ] CarRun-Thread-528:114 - car id = 600167 go out! spend time is 140s
2015-12-08 20:51:16 [INFO ] WebShow-http-nio-8080-exec-8:32 - ip : 210.44.72.152 connection!
2015-12-08 20:51:16 [INFO ] CarRun-Thread-653:114 - car id = 600725 go out! spend time is 60s
2015-12-08 20:51:16 [INFO ] CarRun-Thread-660:114 - car id = 600525 go out! spend time is 60s
2015-12-08 20:51:16 [INFO ] CarRun-Thread-657:114 - car id = 600475 go out! spend time is 60s
2015-12-08 20:51:17 [INFO ] CarRun-Thread-495:114 - car id = 600265 go out! spend time is 161s
2015-12-08 20:51:17 [INFO ] CarRun-Thread-468:114 - car id = 600264 go out! spend time is 171s
2015-12-08 20:51:17 [INFO ] CarRun-Thread-571:114 - car id = 600670 go out! spend time is 111s
2015-12-08 20:51:18 [INFO ] CarRun-Thread-568:114 - car id = 600370 go out! spend time is 112s
2015-12-08 20:51:18 [INFO ] CarRun-Thread-656:114 - car id = 600425 go out! spend time is 62s
2015-12-08 20:51:19 [INFO ] CarRun-Thread-593:114 - car id = 600321 go out! spend time is 103s
2015-12-08 20:51:19 [INFO ] CarRun-Thread-566:114 - car id = 600020 go out! spend time is 113s
2015-12-08 20:51:20 [INFO ] CarRun-Thread-557:114 - car id = 600219 go out! spend time is 124s
2015-12-08 20:51:20 [INFO ] CarRun-Thread-664:114 - car id = 600575 go out! spend time is 64s
2015-12-08 20:51:21 [INFO ] CarRun-Thread-597:114 - car id = 600121 go out! spend time is 105s
2015-12-08 20:51:21 [INFO ] CarRun-Thread-591:114 - car id = 600071 go out! spend time is 105s
2015-12-08 20:51:22 [INFO ] CarRun-Thread-545:114 - car id = 600818 go out! spend time is 136s
2015-12-08 20:51:22 [INFO ] CarRun-Thread-522:114 - car id = 600817 go out! spend time is 146s
2015-12-08 20:51:26 [INFO ] CarRun-Thread-673:114 - car id = 600526 go out! spend time is 60s
2015-12-08 20:51:26 [INFO ] CarRun-Thread-569:114 - car id = 600220 go out! spend time is 120s
2015-12-08 20:51:26 [INFO ] CarRun-Thread-676:114 - car id = 600476 go out! spend time is 60s
2015-12-08 20:51:26 [INFO ] CarRun-Thread-681:114 - car id = 600726 go out! spend time is 60s
2015-12-08 20:51:26 [INFO ] CarRun-Thread-539:114 - car id = 600168 go out! spend time is 140s
2015-12-08 20:51:26 [INFO ] CarRun-Thread-590:114 - car id = 600671 go out! spend time is 110s
2015-12-08 20:51:27 [INFO ] CarRun-Thread-583:114 - car id = 600371 go out! spend time is 111s
2015-12-08 20:51:27 [INFO ] CarRun-Thread-669:114 - car id = 600426 go out! spend time is 61s
2015-12-08 20:51:27 [INFO ] CarRun-Thread-652:114 - car id = 600775 go out! spend time is 71s
2015-12-08 20:51:29 [INFO ] CarRun-Thread-587:114 - car id = 600021 go out! spend time is 113s
2015-12-08 20:51:30 [INFO ] CarRun-Thread-581:114 - car id = 600221 go out! spend time is 114s
2015-12-08 20:51:30 [INFO ] CarRun-Thread-607:114 - car id = 600072 go out! spend time is 104s
2015-12-08 20:51:31 [INFO ] CarRun-Thread-611:114 - car id = 600122 go out! spend time is 104s
2015-12-08 20:51:31 [INFO ] CarRun-Thread-680:114 - car id = 600576 go out! spend time is 65s
2015-12-08 20:51:32 [INFO ] CarRun-Thread-551:114 - car id = 600819 go out! spend time is 136s
2015-12-08 20:51:33 [INFO ] CarRun-Thread-580:114 - car id = 600620 go out! spend time is 127s
2015-12-08 20:51:33 [INFO ] CarRun-Thread-553:114 - car id = 600619 go out! spend time is 137s
2015-12-08 20:51:35 [INFO ] CarRun-Thread-683:114 - car id = 600477 go out! spend time is 59s
2015-12-08 20:51:35 [INFO ] CarRun-Thread-687:114 - car id = 600527 go out! spend time is 59s
2015-12-08 20:51:35 [INFO ] CarRun-Thread-693:114 - car id = 600727 go out! spend time is 59s
2015-12-08 20:51:35 [INFO ] CarRun-Thread-612:114 - car id = 600672 go out! spend time is 109s
2015-12-08 20:51:35 [INFO ] CarRun-Thread-497:114 - car id = 600266 go out! spend time is 169s
2015-12-08 20:51:35 [INFO ] CarRun-Thread-549:114 - car id = 600169 go out! spend time is 139s
2015-12-08 20:51:35 [INFO ] CarRun-Thread-603:114 - car id = 600372 go out! spend time is 109s
2015-12-08 20:51:36 [INFO ] CarRun-Thread-613:114 - car id = 600322 go out! spend time is 110s
2015-12-08 20:51:36 [INFO ] CarRun-Thread-670:114 - car id = 600776 go out! spend time is 70s
2015-12-08 20:51:36 [INFO ] CarRun-Thread-698:114 - car id = 600427 go out! spend time is 60s
2015-12-08 20:51:37 [INFO ] CarRun-Thread-695:114 - car id = 600777 go out! spend time is 61s
2015-12-08 20:51:39 [INFO ] CarRun-Thread-599:114 - car id = 600022 go out! spend time is 113s
2015-12-08 20:51:39 [INFO ] CarRun-Thread-616:114 - car id = 600073 go out! spend time is 103s
2015-12-08 20:51:40 [INFO ] CarRun-Thread-685:114 - car id = 600577 go out! spend time is 64s
2015-12-08 20:51:40 [INFO ] CarRun-Thread-602:114 - car id = 600222 go out! spend time is 114s
2015-12-08 20:51:43 [INFO ] CarRun-Thread-592:114 - car id = 600621 go out! spend time is 127s
2015-12-08 20:51:45 [INFO ] CarRun-Thread-615:114 - car id = 600373 go out! spend time is 109s
2015-12-08 20:51:45 [INFO ] CarRun-Thread-701:114 - car id = 600528 go out! spend time is 59s
2015-12-08 20:51:45 [INFO ] CarRun-Thread-705:114 - car id = 600478 go out! spend time is 59s
2015-12-08 20:51:45 [INFO ] CarRun-Thread-628:114 - car id = 600323 go out! spend time is 109s
2015-12-08 20:51:45 [INFO ] CarRun-Thread-715:114 - car id = 600728 go out! spend time is 59s
2015-12-08 20:51:45 [INFO ] CarRun-Thread-627:114 - car id = 600673 go out! spend time is 109s
2015-12-08 20:51:45 [INFO ] CarRun-Thread-520:114 - car id = 600267 go out! spend time is 169s
2015-12-08 20:51:45 [INFO ] CarRun-Thread-575:114 - car id = 600170 go out! spend time is 139s
2015-12-08 20:51:46 [INFO ] CarRun-Thread-708:114 - car id = 600428 go out! spend time is 60s
2015-12-08 20:51:48 [INFO ] CarRun-Thread-632:114 - car id = 600374 go out! spend time is 102s
2015-12-08 20:51:49 [INFO ] CarRun-Thread-643:114 - car id = 600074 go out! spend time is 103s
2015-12-08 20:51:49 [INFO ] CarRun-Thread-617:114 - car id = 600023 go out! spend time is 113s
2015-12-08 20:51:50 [INFO ] CarRun-Thread-630:114 - car id = 600123 go out! spend time is 114s
2015-12-08 20:51:50 [INFO ] CarRun-Thread-703:114 - car id = 600578 go out! spend time is 64s
2015-12-08 20:51:50 [INFO ] CarRun-Thread-619:114 - car id = 600223 go out! spend time is 114s
2015-12-08 20:51:52 [INFO ] CarRun-Thread-567:114 - car id = 600820 go out! spend time is 146s
2015-12-08 20:51:53 [INFO ] CarRun-Thread-604:114 - car id = 600622 go out! spend time is 127s
2015-12-08 20:51:55 [INFO ] CarRun-Thread-639:114 - car id = 600224 go out! spend time is 109s
2015-12-08 20:51:55 [INFO ] CarRun-Thread-638:114 - car id = 600324 go out! spend time is 109s
2015-12-08 20:51:55 [INFO ] CarRun-Thread-724:114 - car id = 600479 go out! spend time is 59s
2015-12-08 20:51:55 [INFO ] CarRun-Thread-706:114 - car id = 600778 go out! spend time is 69s
2015-12-08 20:51:55 [INFO ] CarRun-Thread-733:114 - car id = 600529 go out! spend time is 59s
2015-12-08 20:51:55 [INFO ] CarRun-Thread-728:114 - car id = 600729 go out! spend time is 59s
2015-12-08 20:51:55 [INFO ] CarRun-Thread-731:114 - car id = 600779 go out! spend time is 59s
2015-12-08 20:51:55 [INFO ] CarRun-Thread-534:114 - car id = 600268 go out! spend time is 169s
2015-12-08 20:51:55 [INFO ] CarRun-Thread-596:114 - car id = 600171 go out! spend time is 139s
2015-12-08 20:51:56 [INFO ] CarRun-Thread-727:114 - car id = 600429 go out! spend time is 59s
2015-12-08 20:51:57 [INFO ] CarRun-Thread-655:114 - car id = 600375 go out! spend time is 101s
2015-12-08 20:51:58 [INFO ] CarRun-Thread-648:114 - car id = 600674 go out! spend time is 112s
2015-12-08 20:51:59 [INFO ] CarRun-Thread-651:114 - car id = 600075 go out! spend time is 103s
2015-12-08 20:51:59 [INFO ] CarRun-Thread-609:114 - car id = 600172 go out! spend time is 133s
2015-12-08 20:51:59 [INFO ] CarRun-Thread-637:114 - car id = 600024 go out! spend time is 113s
2015-12-08 20:52:00 [INFO ] CarRun-Thread-644:114 - car id = 600124 go out! spend time is 114s
2015-12-08 20:52:00 [INFO ] CarRun-Thread-717:114 - car id = 600579 go out! spend time is 64s
2015-12-08 20:52:02 [INFO ] CarRun-Thread-584:114 - car id = 600821 go out! spend time is 146s
2015-12-08 20:52:03 [INFO ] CarRun-Thread-618:114 - car id = 600623 go out! spend time is 127s
2015-12-08 20:52:03 [INFO ] CarRun-Thread-640:114 - car id = 600624 go out! spend time is 117s
2015-12-08 20:52:05 [INFO ] CarRun-Thread-665:114 - car id = 600675 go out! spend time is 109s
2015-12-08 20:52:05 [INFO ] CarRun-Thread-759:114 - car id = 600481 go out! spend time is 49s
2015-12-08 20:52:05 [INFO ] CarRun-Thread-735:114 - car id = 600780 go out! spend time is 59s
2015-12-08 20:52:05 [INFO ] CarRun-Thread-654:114 - car id = 600325 go out! spend time is 109s
2015-12-08 20:52:05 [INFO ] CarRun-Thread-736:114 - car id = 600730 go out! spend time is 59s
2015-12-08 20:52:05 [INFO ] CarRun-Thread-748:114 - car id = 600530 go out! spend time is 59s
2015-12-08 20:52:05 [INFO ] CarRun-Thread-747:114 - car id = 600480 go out! spend time is 59s
2015-12-08 20:52:05 [INFO ] CarRun-Thread-555:114 - car id = 600269 go out! spend time is 169s
2015-12-08 20:52:05 [INFO ] CarRun-Thread-757:114 - car id = 600731 go out! spend time is 49s
2015-12-08 20:52:05 [INFO ] CarRun-Thread-739:114 - car id = 600430 go out! spend time is 59s
2015-12-08 20:52:06 [INFO ] CarRun-Thread-573:114 - car id = 600270 go out! spend time is 160s
2015-12-08 20:52:06 [INFO ] CarRun-Thread-766:114 - car id = 600531 go out! spend time is 50s
2015-12-08 20:52:07 [INFO ] CarRun-Thread-667:114 - car id = 600376 go out! spend time is 101s
2015-12-08 20:52:09 [INFO ] CarRun-Thread-678:114 - car id = 600076 go out! spend time is 103s
2015-12-08 20:52:09 [INFO ] CarRun-Thread-646:114 - car id = 600174 go out! spend time is 123s
2015-12-08 20:52:10 [INFO ] CarRun-Thread-750:114 - car id = 600580 go out! spend time is 64s
2015-12-08 20:52:10 [INFO ] CarRun-Thread-659:114 - car id = 600125 go out! spend time is 114s
2015-12-08 20:52:12 [INFO ] CarRun-Thread-601:114 - car id = 600822 go out! spend time is 146s
2015-12-08 20:52:15 [INFO ] CarRun-Thread-666:114 - car id = 600326 go out! spend time is 109s
2015-12-08 20:52:15 [INFO ] CarRun-Thread-677:114 - car id = 600676 go out! spend time is 109s
2015-12-08 20:52:15 [INFO ] CarRun-Thread-662:114 - car id = 600225 go out! spend time is 119s
2015-12-08 20:52:15 [INFO ] CarRun-Thread-783:114 - car id = 600532 go out! spend time is 49s
2015-12-08 20:52:15 [INFO ] CarRun-Thread-756:114 - car id = 600781 go out! spend time is 59s
2015-12-08 20:52:15 [INFO ] CarRun-Thread-785:114 - car id = 600482 go out! spend time is 49s
2015-12-08 20:52:15 [INFO ] CarRun-Thread-778:114 - car id = 600732 go out! spend time is 49s
2015-12-08 20:52:15 [INFO ] CarRun-Thread-588:114 - car id = 600271 go out! spend time is 159s
2015-12-08 20:52:16 [INFO ] CarRun-Thread-758:114 - car id = 600431 go out! spend time is 59s
2015-12-08 20:52:16 [INFO ] CarRun-Thread-692:114 - car id = 600327 go out! spend time is 100s
2015-12-08 20:52:17 [INFO ] CarRun-Thread-690:114 - car id = 600377 go out! spend time is 101s
2015-12-08 20:52:18 [INFO ] CarRun-Thread-688:114 - car id = 600677 go out! spend time is 102s
2015-12-08 20:52:19 [INFO ] CarRun-Thread-689:114 - car id = 600077 go out! spend time is 103s
2015-12-08 20:52:19 [INFO ] CarRun-Thread-626:114 - car id = 600173 go out! spend time is 143s
2015-12-08 20:52:19 [INFO ] CarRun-Thread-649:114 - car id = 600025 go out! spend time is 123s
2015-12-08 20:52:20 [INFO ] CarRun-Thread-764:114 - car id = 600581 go out! spend time is 64s
2015-12-08 20:52:20 [INFO ] CarRun-Thread-672:114 - car id = 600126 go out! spend time is 114s
2015-12-08 20:52:22 [INFO ] CarRun-Thread-636:114 - car id = 600824 go out! spend time is 136s
2015-12-08 20:52:22 [INFO ] CarRun-Thread-620:114 - car id = 600823 go out! spend time is 146s
2015-12-08 20:52:23 [INFO ] CarRun-Thread-663:114 - car id = 600625 go out! spend time is 127s
2015-12-08 20:52:25 [INFO ] CarRun-Thread-682:114 - car id = 600226 go out! spend time is 119s
2015-12-08 20:52:25 [INFO ] CarRun-Thread-712:114 - car id = 600378 go out! spend time is 99s
2015-12-08 20:52:25 [INFO ] CarRun-Thread-775:114 - car id = 600782 go out! spend time is 59s
2015-12-08 20:52:25 [INFO ] CarRun-Thread-793:114 - car id = 600533 go out! spend time is 49s
2015-12-08 20:52:25 [INFO ] CarRun-Thread-801:114 - car id = 600733 go out! spend time is 49s
2015-12-08 20:52:25 [INFO ] CarRun-Thread-789:114 - car id = 600483 go out! spend time is 49s
2015-12-08 20:52:25 [INFO ] CarRun-Thread-606:114 - car id = 600272 go out! spend time is 159s
2015-12-08 20:52:26 [INFO ] CarRun-Thread-779:114 - car id = 600432 go out! spend time is 60s
2015-12-08 20:52:26 [INFO ] CarRun-Thread-704:114 - car id = 600328 go out! spend time is 100s
2015-12-08 20:52:28 [INFO ] CarRun-Thread-700:114 - car id = 600678 go out! spend time is 102s
2015-12-08 20:52:29 [INFO ] CarRun-Thread-707:114 - car id = 600078 go out! spend time is 103s
2015-12-08 20:52:29 [INFO ] CarRun-Thread-658:114 - car id = 600175 go out! spend time is 133s
2015-12-08 20:52:29 [INFO ] CarRun-Thread-668:114 - car id = 600026 go out! spend time is 123s
2015-12-08 20:52:30 [INFO ] CarRun-Thread-786:114 - car id = 600582 go out! spend time is 64s
2015-12-08 20:52:30 [INFO ] CarRun-Thread-696:114 - car id = 600227 go out! spend time is 114s
2015-12-08 20:52:32 [INFO ] CarRun-Thread-650:114 - car id = 600825 go out! spend time is 136s
2015-12-08 20:52:33 [INFO ] CarRun-Thread-674:114 - car id = 600626 go out! spend time is 127s
2015-12-08 20:52:35 [INFO ] CarRun-Thread-714:114 - car id = 600228 go out! spend time is 109s
2015-12-08 20:52:35 [INFO ] CarRun-Thread-819:114 - car id = 600734 go out! spend time is 49s
2015-12-08 20:52:35 [INFO ] CarRun-Thread-815:114 - car id = 600484 go out! spend time is 49s
2015-12-08 20:52:35 [INFO ] CarRun-Thread-720:114 - car id = 600379 go out! spend time is 99s
2015-12-08 20:52:35 [INFO ] CarRun-Thread-799:114 - car id = 600783 go out! spend time is 59s
2015-12-08 20:52:35 [INFO ] CarRun-Thread-726:114 - car id = 600329 go out! spend time is 99s
2015-12-08 20:52:35 [INFO ] CarRun-Thread-806:114 - car id = 600534 go out! spend time is 49s
2015-12-08 20:52:35 [INFO ] CarRun-Thread-624:114 - car id = 600273 go out! spend time is 159s
2015-12-08 20:52:36 [INFO ] CarRun-Thread-791:114 - car id = 600433 go out! spend time is 59s
2015-12-08 20:52:38 [INFO ] CarRun-Thread-723:114 - car id = 600679 go out! spend time is 102s
2015-12-08 20:52:39 [INFO ] CarRun-Thread-722:114 - car id = 600079 go out! spend time is 103s
2015-12-08 20:52:39 [INFO ] CarRun-Thread-679:114 - car id = 600176 go out! spend time is 133s
2015-12-08 20:52:39 [INFO ] CarRun-Thread-694:114 - car id = 600027 go out! spend time is 123s
2015-12-08 20:52:39 [INFO ] CarRun-Thread-711:114 - car id = 600028 go out! spend time is 113s
2015-12-08 20:52:40 [INFO ] CarRun-Thread-691:114 - car id = 600127 go out! spend time is 124s
2015-12-08 20:52:40 [INFO ] CarRun-Thread-716:114 - car id = 600128 go out! spend time is 114s
2015-12-08 20:52:40 [INFO ] CarRun-Thread-792:114 - car id = 600583 go out! spend time is 64s
2015-12-08 20:52:43 [INFO ] CarRun-Thread-699:114 - car id = 600627 go out! spend time is 127s
2015-12-08 20:52:43 [INFO ] CarRun-Thread-702:114 - car id = 600628 go out! spend time is 117s
2015-12-08 20:52:45 [INFO ] CarRun-Thread-729:114 - car id = 600229 go out! spend time is 109s
2015-12-08 20:52:45 [INFO ] CarRun-Thread-814:114 - car id = 600784 go out! spend time is 59s
2015-12-08 20:52:45 [INFO ] CarRun-Thread-836:114 - car id = 600485 go out! spend time is 49s
2015-12-08 20:52:45 [INFO ] CarRun-Thread-737:114 - car id = 600330 go out! spend time is 99s
2015-12-08 20:52:45 [INFO ] CarRun-Thread-828:114 - car id = 600535 go out! spend time is 49s
2015-12-08 20:52:45 [INFO ] CarRun-Thread-831:114 - car id = 600735 go out! spend time is 49s
2015-12-08 20:52:45 [INFO ] CarRun-Thread-749:114 - car id = 600380 go out! spend time is 99s
2015-12-08 20:52:45 [INFO ] CarRun-Thread-647:114 - car id = 600274 go out! spend time is 159s
2015-12-08 20:52:46 [INFO ] CarRun-Thread-805:114 - car id = 600434 go out! spend time is 60s
2015-12-08 20:52:48 [INFO ] CarRun-Thread-744:114 - car id = 600680 go out! spend time is 102s
2015-12-08 20:52:49 [INFO ] CarRun-Thread-741:114 - car id = 600080 go out! spend time is 103s
2015-12-08 20:52:50 [INFO ] CarRun-Thread-761:114 - car id = 600081 go out! spend time is 94s
2015-12-08 20:52:50 [INFO ] CarRun-Thread-697:114 - car id = 600177 go out! spend time is 134s
2015-12-08 20:52:50 [INFO ] CarRun-Thread-721:114 - car id = 600029 go out! spend time is 114s
2015-12-08 20:52:51 [INFO ] CarRun-Thread-718:114 - car id = 600129 go out! spend time is 115s
2015-12-08 20:52:51 [INFO ] CarRun-Thread-742:114 - car id = 600130 go out! spend time is 105s
2015-12-08 20:52:52 [INFO ] CarRun-Thread-812:114 - car id = 600584 go out! spend time is 65s
2015-12-08 20:52:53 [INFO ] CarRun-Thread-671:114 - car id = 600826 go out! spend time is 147s
2015-12-08 20:52:53 [INFO ] CarRun-Thread-684:114 - car id = 600827 go out! spend time is 137s
2015-12-08 20:52:56 [INFO ] CarRun-Thread-853:114 - car id = 600486 go out! spend time is 50s
2015-12-08 20:52:56 [INFO ] CarRun-Thread-830:114 - car id = 600785 go out! spend time is 60s
2015-12-08 20:52:56 [INFO ] CarRun-Thread-762:114 - car id = 600381 go out! spend time is 100s
2015-12-08 20:52:56 [INFO ] CarRun-Thread-755:114 - car id = 600331 go out! spend time is 100s
2015-12-08 20:52:57 [INFO ] CarRun-Thread-846:114 - car id = 600736 go out! spend time is 50s
2015-12-08 20:52:57 [INFO ] CarRun-Thread-848:114 - car id = 600536 go out! spend time is 50s
2015-12-08 20:52:58 [INFO ] CarRun-Thread-832:114 - car id = 600435 go out! spend time is 62s
2015-12-08 20:53:00 [INFO ] CarRun-Thread-738:114 - car id = 600030 go out! spend time is 114s
2015-12-08 20:53:00 [INFO ] CarRun-Thread-754:114 - car id = 600681 go out! spend time is 104s
2015-12-08 20:53:00 [INFO ] CarRun-Thread-710:114 - car id = 600178 go out! spend time is 134s
2015-12-08 20:53:01 [INFO ] CarRun-Thread-732:114 - car id = 600179 go out! spend time is 125s
2015-12-08 20:53:01 [INFO ] CarRun-Thread-745:114 - car id = 600230 go out! spend time is 115s
2015-12-08 20:53:01 [INFO ] CarRun-Thread-777:114 - car id = 600082 go out! spend time is 95s
2015-12-08 20:53:02 [INFO ] CarRun-Thread-827:114 - car id = 600585 go out! spend time is 65s
2015-12-08 20:53:02 [INFO ] CarRun-Thread-767:114 - car id = 600131 go out! spend time is 105s
2015-12-08 20:53:05 [INFO ] CarRun-Thread-730:114 - car id = 600629 go out! spend time is 129s
2015-12-08 20:53:07 [INFO ] CarRun-Thread-858:114 - car id = 600537 go out! spend time is 50s
2015-12-08 20:53:07 [INFO ] CarRun-Thread-866:114 - car id = 600487 go out! spend time is 50s
2015-12-08 20:53:07 [INFO ] CarRun-Thread-868:114 - car id = 600737 go out! spend time is 50s
2015-12-08 20:53:07 [INFO ] CarRun-Thread-661:114 - car id = 600275 go out! spend time is 171s
2015-12-08 20:53:07 [INFO ] CarRun-Thread-780:114 - car id = 600382 go out! spend time is 101s
2015-12-08 20:53:07 [INFO ] CarRun-Thread-843:114 - car id = 600786 go out! spend time is 61s
2015-12-08 20:53:07 [INFO ] CarRun-Thread-774:114 - car id = 600332 go out! spend time is 101s
2015-12-08 20:53:09 [INFO ] CarRun-Thread-842:114 - car id = 600436 go out! spend time is 62s
2015-12-08 20:53:10 [INFO ] CarRun-Thread-765:114 - car id = 600031 go out! spend time is 114s
2015-12-08 20:53:11 [INFO ] CarRun-Thread-751:114 - car id = 600231 go out! spend time is 115s
2015-12-08 20:53:12 [INFO ] CarRun-Thread-841:114 - car id = 600586 go out! spend time is 65s
2015-12-08 20:53:12 [INFO ] CarRun-Thread-787:114 - car id = 600132 go out! spend time is 105s
2015-12-08 20:53:12 [INFO ] CarRun-Thread-802:114 - car id = 600083 go out! spend time is 96s
2015-12-08 20:53:13 [INFO ] CarRun-Thread-709:114 - car id = 600828 go out! spend time is 147s
2015-12-08 20:53:17 [INFO ] CarRun-Thread-884:114 - car id = 600538 go out! spend time is 50s
2015-12-08 20:53:17 [INFO ] CarRun-Thread-885:114 - car id = 600738 go out! spend time is 51s
2015-12-08 20:53:17 [INFO ] CarRun-Thread-772:114 - car id = 600682 go out! spend time is 111s
2015-12-08 20:53:17 [INFO ] CarRun-Thread-675:114 - car id = 600276 go out! spend time is 171s
2015-12-08 20:53:18 [INFO ] CarRun-Thread-800:114 - car id = 600383 go out! spend time is 102s
2015-12-08 20:53:18 [INFO ] CarRun-Thread-798:114 - car id = 600333 go out! spend time is 102s
2015-12-08 20:53:18 [INFO ] CarRun-Thread-871:114 - car id = 600787 go out! spend time is 62s
2015-12-08 20:53:18 [INFO ] CarRun-Thread-867:114 - car id = 600437 go out! spend time is 62s
2015-12-08 20:53:20 [INFO ] CarRun-Thread-784:114 - car id = 600032 go out! spend time is 114s
2015-12-08 20:53:21 [INFO ] CarRun-Thread-773:114 - car id = 600232 go out! spend time is 115s
2015-12-08 20:53:22 [INFO ] CarRun-Thread-857:114 - car id = 600587 go out! spend time is 65s
2015-12-08 20:53:22 [INFO ] CarRun-Thread-804:114 - car id = 600133 go out! spend time is 105s
2015-12-08 20:53:23 [INFO ] CarRun-Thread-740:114 - car id = 600830 go out! spend time is 137s
2015-12-08 20:53:23 [INFO ] CarRun-Thread-725:114 - car id = 600829 go out! spend time is 147s
2015-12-08 20:53:25 [INFO ] CarRun-Thread-734:114 - car id = 600630 go out! spend time is 139s
2015-12-08 20:53:26 [INFO ] CarRun-Thread-743:114 - car id = 600180 go out! spend time is 140s
2015-12-08 20:53:27 [INFO ] CarRun-Thread-903:114 - car id = 600489 go out! spend time is 50s
2015-12-08 20:53:27 [INFO ] CarRun-Thread-906:114 - car id = 600739 go out! spend time is 50s
2015-12-08 20:53:27 [INFO ] CarRun-Thread-874:114 - car id = 600488 go out! spend time is 60s
2015-12-08 20:53:27 [INFO ] CarRun-Thread-901:114 - car id = 600539 go out! spend time is 51s
2015-12-08 20:53:27 [INFO ] CarRun-Thread-686:114 - car id = 600277 go out! spend time is 171s
2015-12-08 20:53:27 [INFO ] CarRun-Thread-794:114 - car id = 600683 go out! spend time is 111s
2015-12-08 20:53:28 [INFO ] CarRun-Thread-821:114 - car id = 600384 go out! spend time is 102s
2015-12-08 20:53:28 [INFO ] CarRun-Thread-880:114 - car id = 600438 go out! spend time is 62s
2015-12-08 20:53:29 [INFO ] CarRun-Thread-813:114 - car id = 600334 go out! spend time is 102s
2015-12-08 20:53:30 [INFO ] CarRun-Thread-887:114 - car id = 600788 go out! spend time is 63s
2015-12-08 20:53:30 [INFO ] CarRun-Thread-788:114 - car id = 600033 go out! spend time is 114s
2015-12-08 20:53:31 [INFO ] CarRun-Thread-875:114 - car id = 600588 go out! spend time is 65s
2015-12-08 20:53:32 [INFO ] CarRun-Thread-811:114 - car id = 600134 go out! spend time is 106s
2015-12-08 20:53:32 [INFO ] CarRun-Thread-713:114 - car id = 600278 go out! spend time is 166s
2015-12-08 20:53:32 [INFO ] CarRun-Thread-808:114 - car id = 600084 go out! spend time is 106s
2015-12-08 20:53:32 [INFO ] CarRun-Thread-824:114 - car id = 600085 go out! spend time is 96s
2015-12-08 20:53:33 [INFO ] CarRun-Thread-760:114 - car id = 600831 go out! spend time is 137s
2015-12-08 20:53:35 [INFO ] CarRun-Thread-752:114 - car id = 600631 go out! spend time is 139s
2015-12-08 20:53:36 [INFO ] CarRun-Thread-763:114 - car id = 600181 go out! spend time is 140s
2015-12-08 20:53:37 [INFO ] CarRun-Thread-818:114 - car id = 600684 go out! spend time is 111s
2015-12-08 20:53:38 [INFO ] CarRun-Thread-834:114 - car id = 600335 go out! spend time is 102s
2015-12-08 20:53:38 [INFO ] CarRun-Thread-890:114 - car id = 600789 go out! spend time is 62s
2015-12-08 20:53:38 [INFO ] CarRun-Thread-898:114 - car id = 600439 go out! spend time is 62s
2015-12-08 20:53:40 [INFO ] CarRun-Thread-809:114 - car id = 600034 go out! spend time is 114s
2015-12-08 20:53:41 [INFO ] CarRun-Thread-795:114 - car id = 600233 go out! spend time is 125s
2015-12-08 20:53:41 [INFO ] CarRun-Thread-807:114 - car id = 600234 go out! spend time is 115s
2015-12-08 20:53:41 [INFO ] CarRun-Thread-829:114 - car id = 600135 go out! spend time is 105s
2015-12-08 20:53:41 [INFO ] CarRun-Thread-900:114 - car id = 600589 go out! spend time is 65s
2015-12-08 20:53:45 [INFO ] CarRun-Thread-771:114 - car id = 600632 go out! spend time is 139s
2015-12-08 20:53:46 [INFO ] CarRun-Thread-782:114 - car id = 600182 go out! spend time is 140s
2015-12-08 20:53:46 [INFO ] CarRun-Thread-919:114 - car id = 600740 go out! spend time is 60s
2015-12-08 20:53:47 [INFO ] CarRun-Thread-917:114 - car id = 600540 go out! spend time is 61s
2015-12-08 20:53:47 [INFO ] CarRun-Thread-838:114 - car id = 600685 go out! spend time is 111s
2015-12-08 20:53:48 [INFO ] CarRun-Thread-835:114 - car id = 600385 go out! spend time is 112s
2015-12-08 20:53:48 [INFO ] CarRun-Thread-918:114 - car id = 600440 go out! spend time is 62s
2015-12-08 20:53:49 [INFO ] CarRun-Thread-854:114 - car id = 600336 go out! spend time is 103s
2015-12-08 20:53:50 [INFO ] CarRun-Thread-914:114 - car id = 600790 go out! spend time is 63s
2015-12-08 20:53:52 [INFO ] CarRun-Thread-839:114 - car id = 600136 go out! spend time is 105s
2015-12-08 20:53:52 [INFO ] CarRun-Thread-921:114 - car id = 600590 go out! spend time is 65s
2015-12-08 20:53:52 [INFO ] CarRun-Thread-840:114 - car id = 600086 go out! spend time is 106s
2015-12-08 20:53:53 [INFO ] CarRun-Thread-776:114 - car id = 600832 go out! spend time is 147s
2015-12-08 20:53:53 [INFO ] CarRun-Thread-790:114 - car id = 600833 go out! spend time is 137s
2015-12-08 20:53:55 [INFO ] CarRun-Thread-796:114 - car id = 600633 go out! spend time is 139s
2015-12-08 20:53:56 [INFO ] CarRun-Thread-803:114 - car id = 600183 go out! spend time is 140s
2015-12-08 20:53:57 [INFO ] CarRun-Thread-934:114 - car id = 600491 go out! spend time is 60s
2015-12-08 20:53:57 [INFO ] CarRun-Thread-933:114 - car id = 600741 go out! spend time is 60s
2015-12-08 20:53:57 [INFO ] CarRun-Thread-922:114 - car id = 600490 go out! spend time is 71s
2015-12-08 20:53:57 [INFO ] CarRun-Thread-939:114 - car id = 600541 go out! spend time is 61s
2015-12-08 20:53:57 [INFO ] CarRun-Thread-746:114 - car id = 600280 go out! spend time is 171s
2015-12-08 20:53:57 [INFO ] CarRun-Thread-719:114 - car id = 600279 go out! spend time is 181s
2015-12-08 20:53:57 [INFO ] CarRun-Thread-753:114 - car id = 600281 go out! spend time is 161s
2015-12-08 20:53:57 [INFO ] CarRun-Thread-850:114 - car id = 600686 go out! spend time is 111s
2015-12-08 20:53:58 [INFO ] CarRun-Thread-851:114 - car id = 600386 go out! spend time is 112s
2015-12-08 20:53:58 [INFO ] CarRun-Thread-936:114 - car id = 600441 go out! spend time is 62s
2015-12-08 20:54:00 [INFO ] CarRun-Thread-924:114 - car id = 600791 go out! spend time is 63s
2015-12-08 20:54:00 [INFO ] CarRun-Thread-855:114 - car id = 600036 go out! spend time is 114s
2015-12-08 20:54:00 [INFO ] CarRun-Thread-833:114 - car id = 600035 go out! spend time is 124s
2015-12-08 20:54:01 [INFO ] CarRun-Thread-823:114 - car id = 600235 go out! spend time is 125s
2015-12-08 20:54:02 [INFO ] CarRun-Thread-940:114 - car id = 600591 go out! spend time is 65s
2015-12-08 20:54:02 [INFO ] CarRun-Thread-859:114 - car id = 600137 go out! spend time is 105s
2015-12-08 20:54:02 [INFO ] CarRun-Thread-872:114 - car id = 600087 go out! spend time is 106s
2015-12-08 20:54:03 [INFO ] CarRun-Thread-810:114 - car id = 600834 go out! spend time is 137s
2015-12-08 20:54:05 [INFO ] CarRun-Thread-817:114 - car id = 600634 go out! spend time is 139s
2015-12-08 20:54:06 [INFO ] CarRun-Thread-820:114 - car id = 600184 go out! spend time is 140s
2015-12-08 20:54:07 [INFO ] CarRun-Thread-950:114 - car id = 600742 go out! spend time is 60s
2015-12-08 20:54:07 [INFO ] CarRun-Thread-953:114 - car id = 600542 go out! spend time is 61s
2015-12-08 20:54:07 [INFO ] CarRun-Thread-860:114 - car id = 600687 go out! spend time is 111s
2015-12-08 20:54:08 [INFO ] CarRun-Thread-870:114 - car id = 600387 go out! spend time is 112s
2015-12-08 20:54:08 [INFO ] CarRun-Thread-957:114 - car id = 600442 go out! spend time is 62s
2015-12-08 20:54:09 [INFO ] CarRun-Thread-869:114 - car id = 600337 go out! spend time is 113s
2015-12-08 20:54:10 [INFO ] CarRun-Thread-941:114 - car id = 600792 go out! spend time is 64s
2015-12-08 20:54:10 [INFO ] CarRun-Thread-822:114 - car id = 600635 go out! spend time is 134s
2015-12-08 20:54:10 [INFO ] CarRun-Thread-864:114 - car id = 600037 go out! spend time is 114s
2015-12-08 20:54:11 [INFO ] CarRun-Thread-844:114 - car id = 600236 go out! spend time is 125s
2015-12-08 20:54:12 [INFO ] CarRun-Thread-951:114 - car id = 600592 go out! spend time is 66s
2015-12-08 20:54:12 [INFO ] CarRun-Thread-873:114 - car id = 600088 go out! spend time is 106s
2015-12-08 20:54:15 [INFO ] CarRun-Thread-847:114 - car id = 600636 go out! spend time is 129s
2015-12-08 20:54:16 [INFO ] CarRun-Thread-825:114 - car id = 600185 go out! spend time is 140s
2015-12-08 20:54:17 [INFO ] CarRun-Thread-956:114 - car id = 600492 go out! spend time is 70s
2015-12-08 20:54:17 [INFO ] CarRun-Thread-973:114 - car id = 600493 go out! spend time is 60s
2015-12-08 20:54:17 [INFO ] CarRun-Thread-972:114 - car id = 600743 go out! spend time is 60s
2015-12-08 20:54:17 [INFO ] CarRun-Thread-966:114 - car id = 600543 go out! spend time is 60s
2015-12-08 20:54:17 [INFO ] CarRun-Thread-886:114 - car id = 600688 go out! spend time is 111s
2015-12-08 20:54:18 [INFO ] CarRun-Thread-879:114 - car id = 600388 go out! spend time is 112s
2015-12-08 20:54:18 [INFO ] CarRun-Thread-971:114 - car id = 600443 go out! spend time is 62s
2015-12-08 20:54:19 [INFO ] CarRun-Thread-888:114 - car id = 600338 go out! spend time is 112s
2015-12-08 20:54:20 [INFO ] CarRun-Thread-959:114 - car id = 600793 go out! spend time is 64s
2015-12-08 20:54:21 [INFO ] CarRun-Thread-865:114 - car id = 600237 go out! spend time is 125s
2015-12-08 20:54:22 [INFO ] CarRun-Thread-968:114 - car id = 600593 go out! spend time is 65s
2015-12-08 20:54:22 [INFO ] CarRun-Thread-882:114 - car id = 600138 go out! spend time is 115s
2015-12-08 20:54:22 [INFO ] CarRun-Thread-904:114 - car id = 600089 go out! spend time is 106s
2015-12-08 20:54:23 [INFO ] CarRun-Thread-837:114 - car id = 600835 go out! spend time is 147s
2015-12-08 20:54:26 [INFO ] CarRun-Thread-849:114 - car id = 600186 go out! spend time is 140s
2015-12-08 20:54:27 [INFO ] CarRun-Thread-986:114 - car id = 600494 go out! spend time is 60s
2015-12-08 20:54:27 [INFO ] CarRun-Thread-990:114 - car id = 600544 go out! spend time is 60s
2015-12-08 20:54:27 [INFO ] CarRun-Thread-983:114 - car id = 600744 go out! spend time is 61s
2015-12-08 20:54:27 [INFO ] CarRun-Thread-797:114 - car id = 600283 go out! spend time is 171s
2015-12-08 20:54:28 [INFO ] CarRun-Thread-905:114 - car id = 600389 go out! spend time is 112s
2015-12-08 20:54:28 [INFO ] CarRun-Thread-985:114 - car id = 600444 go out! spend time is 62s
2015-12-08 20:54:29 [INFO ] CarRun-Thread-897:114 - car id = 600339 go out! spend time is 113s
2015-12-08 20:54:30 [INFO ] CarRun-Thread-976:114 - car id = 600794 go out! spend time is 64s
2015-12-08 20:54:30 [INFO ] CarRun-Thread-877:114 - car id = 600038 go out! spend time is 124s
2015-12-08 20:54:31 [INFO ] CarRun-Thread-883:114 - car id = 600238 go out! spend time is 125s
2015-12-08 20:54:31 [INFO ] WebShow-http-nio-8080-exec-8:32 - ip : 210.44.72.152 connection!
2015-12-08 20:54:31 [INFO ] CarRun-Thread-991:114 - car id = 600594 go out! spend time is 65s
2015-12-08 20:54:32 [INFO ] CarRun-Thread-916:114 - car id = 600090 go out! spend time is 106s
2015-12-08 20:54:33 [INFO ] CarRun-Thread-852:114 - car id = 600836 go out! spend time is 147s
2015-12-08 20:54:35 [INFO ] CarRun-Thread-856:114 - car id = 600187 go out! spend time is 139s
2015-12-08 20:54:36 [INFO ] CarRun-Thread-1002:114 - car id = 600545 go out! spend time is 59s
2015-12-08 20:54:36 [INFO ] CarRun-Thread-1007:114 - car id = 600495 go out! spend time is 59s
2015-12-08 20:54:36 [INFO ] CarRun-Thread-1006:114 - car id = 600745 go out! spend time is 60s
2015-12-08 20:54:36 [INFO ] CarRun-Thread-826:114 - car id = 600285 go out! spend time is 160s
2015-12-08 20:54:36 [INFO ] CarRun-Thread-781:114 - car id = 600282 go out! spend time is 190s
2015-12-08 20:54:36 [INFO ] CarRun-Thread-891:114 - car id = 600689 go out! spend time is 120s
2015-12-08 20:54:37 [INFO ] CarRun-Thread-915:114 - car id = 600390 go out! spend time is 111s
2015-12-08 20:54:37 [INFO ] CarRun-Thread-1005:114 - car id = 600445 go out! spend time is 61s
2015-12-08 20:54:37 [INFO ] CarRun-Thread-907:114 - car id = 600340 go out! spend time is 111s
2015-12-08 20:54:38 [INFO ] CarRun-Thread-997:114 - car id = 600795 go out! spend time is 62s
2015-12-08 20:54:39 [INFO ] CarRun-Thread-902:114 - car id = 600039 go out! spend time is 123s
2015-12-08 20:54:40 [INFO ] CarRun-Thread-1001:114 - car id = 600595 go out! spend time is 64s
2015-12-08 20:54:40 [INFO ] CarRun-Thread-899:114 - car id = 600139 go out! spend time is 124s
2015-12-08 20:54:40 [INFO ] CarRun-Thread-894:114 - car id = 600239 go out! spend time is 124s
2015-12-08 20:54:40 [INFO ] CarRun-Thread-937:114 - car id = 600091 go out! spend time is 104s
2015-12-08 20:54:42 [INFO ] CarRun-Thread-863:114 - car id = 600837 go out! spend time is 146s
2015-12-08 20:54:43 [INFO ] CarRun-Thread-862:114 - car id = 600637 go out! spend time is 147s
2015-12-08 20:54:45 [INFO ] CarRun-Thread-909:114 - car id = 600690 go out! spend time is 119s
2015-12-08 20:54:45 [INFO ] CarRun-Thread-1019:114 - car id = 600496 go out! spend time is 59s
2015-12-08 20:54:45 [INFO ] CarRun-Thread-1025:114 - car id = 600546 go out! spend time is 59s
2015-12-08 20:54:45 [INFO ] CarRun-Thread-1022:114 - car id = 600746 go out! spend time is 59s
2015-12-08 20:54:45 [INFO ] CarRun-Thread-816:114 - car id = 600284 go out! spend time is 179s
2015-12-08 20:54:45 [INFO ] CarRun-Thread-892:114 - car id = 600189 go out! spend time is 129s
2015-12-08 20:54:45 [INFO ] CarRun-Thread-932:114 - car id = 600391 go out! spend time is 109s
2015-12-08 20:54:45 [INFO ] CarRun-Thread-876:114 - car id = 600188 go out! spend time is 139s
2015-12-08 20:54:46 [INFO ] CarRun-Thread-1020:114 - car id = 600446 go out! spend time is 60s
2015-12-08 20:54:46 [INFO ] CarRun-Thread-931:114 - car id = 600341 go out! spend time is 110s
2015-12-08 20:54:47 [INFO ] CarRun-Thread-1016:114 - car id = 600796 go out! spend time is 61s
2015-12-08 20:54:49 [INFO ] CarRun-Thread-952:114 - car id = 600092 go out! spend time is 103s
2015-12-08 20:54:50 [INFO ] CarRun-Thread-1024:114 - car id = 600596 go out! spend time is 64s
2015-12-08 20:54:50 [INFO ] CarRun-Thread-923:114 - car id = 600140 go out! spend time is 124s
2015-12-08 20:54:51 [INFO ] CarRun-Thread-911:114 - car id = 600240 go out! spend time is 124s
2015-12-08 20:54:52 [INFO ] CarRun-Thread-878:114 - car id = 600838 go out! spend time is 146s
2015-12-08 20:54:53 [INFO ] CarRun-Thread-896:114 - car id = 600639 go out! spend time is 137s
2015-12-08 20:54:53 [INFO ] CarRun-Thread-881:114 - car id = 600638 go out! spend time is 147s
2015-12-08 20:54:55 [INFO ] CarRun-Thread-1034:114 - car id = 600747 go out! spend time is 59s
2015-12-08 20:54:55 [INFO ] CarRun-Thread-949:114 - car id = 600392 go out! spend time is 109s
2015-12-08 20:54:55 [INFO ] CarRun-Thread-1036:114 - car id = 600547 go out! spend time is 59s
2015-12-08 20:54:55 [INFO ] CarRun-Thread-1039:114 - car id = 600497 go out! spend time is 59s
2015-12-08 20:54:55 [INFO ] CarRun-Thread-930:114 - car id = 600691 go out! spend time is 119s
2015-12-08 20:54:55 [INFO ] CarRun-Thread-942:114 - car id = 600342 go out! spend time is 109s
2015-12-08 20:54:55 [INFO ] CarRun-Thread-845:114 - car id = 600286 go out! spend time is 169s
2015-12-08 20:54:55 [INFO ] CarRun-Thread-861:114 - car id = 600287 go out! spend time is 159s
2015-12-08 20:54:55 [INFO ] CarRun-Thread-1026:114 - car id = 600797 go out! spend time is 59s
2015-12-08 20:54:56 [INFO ] CarRun-Thread-1042:114 - car id = 600447 go out! spend time is 60s
2015-12-08 20:54:59 [INFO ] CarRun-Thread-943:114 - car id = 600692 go out! spend time is 113s
2015-12-08 20:54:59 [INFO ] CarRun-Thread-970:114 - car id = 600093 go out! spend time is 103s
2015-12-08 20:55:00 [INFO ] CarRun-Thread-935:114 - car id = 600041 go out! spend time is 123s
2015-12-08 20:55:00 [INFO ] CarRun-Thread-920:114 - car id = 600040 go out! spend time is 133s
2015-12-08 20:55:00 [INFO ] CarRun-Thread-1037:114 - car id = 600597 go out! spend time is 64s
2015-12-08 20:55:00 [INFO ] CarRun-Thread-938:114 - car id = 600141 go out! spend time is 124s
2015-12-08 20:55:00 [INFO ] CarRun-Thread-926:114 - car id = 600241 go out! spend time is 124s
2015-12-08 20:55:02 [INFO ] CarRun-Thread-895:114 - car id = 600839 go out! spend time is 146s
2015-12-08 20:55:03 [INFO ] CarRun-Thread-913:114 - car id = 600640 go out! spend time is 137s
2015-12-08 20:55:03 [INFO ] CarRun-Thread-929:114 - car id = 600641 go out! spend time is 127s
2015-12-08 20:55:05 [INFO ] CarRun-Thread-1051:114 - car id = 600748 go out! spend time is 59s
2015-12-08 20:55:05 [INFO ] CarRun-Thread-1049:114 - car id = 600798 go out! spend time is 59s
2015-12-08 20:55:05 [INFO ] CarRun-Thread-967:114 - car id = 600393 go out! spend time is 109s
2015-12-08 20:55:05 [INFO ] CarRun-Thread-1056:114 - car id = 600498 go out! spend time is 59s
2015-12-08 20:55:05 [INFO ] CarRun-Thread-958:114 - car id = 600343 go out! spend time is 109s
2015-12-08 20:55:05 [INFO ] CarRun-Thread-1057:114 - car id = 600548 go out! spend time is 59s
2015-12-08 20:55:05 [INFO ] CarRun-Thread-910:114 - car id = 600190 go out! spend time is 139s
2015-12-08 20:55:05 [INFO ] CarRun-Thread-928:114 - car id = 600191 go out! spend time is 129s
2015-12-08 20:55:06 [INFO ] CarRun-Thread-1059:114 - car id = 600448 go out! spend time is 60s
2015-12-08 20:55:07 [INFO ] CarRun-Thread-984:114 - car id = 600394 go out! spend time is 101s
2015-12-08 20:55:08 [INFO ] CarRun-Thread-962:114 - car id = 600693 go out! spend time is 112s
2015-12-08 20:55:09 [INFO ] CarRun-Thread-989:114 - car id = 600094 go out! spend time is 103s
2015-12-08 20:55:09 [INFO ] CarRun-Thread-1004:114 - car id = 600095 go out! spend time is 93s
2015-12-08 20:55:10 [INFO ] CarRun-Thread-954:114 - car id = 600042 go out! spend time is 123s
2015-12-08 20:55:10 [INFO ] CarRun-Thread-955:114 - car id = 600142 go out! spend time is 124s
2015-12-08 20:55:10 [INFO ] CarRun-Thread-1058:114 - car id = 600598 go out! spend time is 64s
2015-12-08 20:55:11 [INFO ] CarRun-Thread-944:114 - car id = 600242 go out! spend time is 124s
2015-12-08 20:55:12 [INFO ] CarRun-Thread-908:114 - car id = 600840 go out! spend time is 146s
2015-12-08 20:55:16 [INFO ] CarRun-Thread-965:114 - car id = 600243 go out! spend time is 120s
2015-12-08 20:55:16 [INFO ] CarRun-Thread-979:114 - car id = 600344 go out! spend time is 110s
2015-12-08 20:55:16 [INFO ] CarRun-Thread-1070:114 - car id = 600499 go out! spend time is 60s
2015-12-08 20:55:16 [INFO ] CarRun-Thread-1065:114 - car id = 600799 go out! spend time is 60s
2015-12-08 20:55:16 [INFO ] CarRun-Thread-1069:114 - car id = 600749 go out! spend time is 60s
2015-12-08 20:55:16 [INFO ] CarRun-Thread-981:114 - car id = 600694 go out! spend time is 110s
2015-12-08 20:55:16 [INFO ] CarRun-Thread-1075:114 - car id = 600549 go out! spend time is 60s
2015-12-08 20:55:16 [INFO ] CarRun-Thread-889:114 - car id = 600288 go out! spend time is 170s
2015-12-08 20:55:16 [INFO ] CarRun-Thread-893:114 - car id = 600289 go out! spend time is 160s
2015-12-08 20:55:17 [INFO ] CarRun-Thread-1073:114 - car id = 600449 go out! spend time is 61s
2015-12-08 20:55:18 [INFO ] CarRun-Thread-1085:114 - car id = 600750 go out! spend time is 51s
2015-12-08 20:55:18 [INFO ] CarRun-Thread-1089:114 - car id = 600550 go out! spend time is 52s
2015-12-08 20:55:18 [INFO ] CarRun-Thread-996:114 - car id = 600345 go out! spend time is 102s
2015-12-08 20:55:19 [INFO ] CarRun-Thread-1008:114 - car id = 600395 go out! spend time is 103s
2015-12-08 20:55:20 [INFO ] CarRun-Thread-974:114 - car id = 600043 go out! spend time is 124s
2015-12-08 20:55:22 [INFO ] CarRun-Thread-969:114 - car id = 600143 go out! spend time is 126s
2015-12-08 20:55:22 [INFO ] CarRun-Thread-1076:114 - car id = 600599 go out! spend time is 66s
2015-12-08 20:55:22 [INFO ] CarRun-Thread-912:114 - car id = 600290 go out! spend time is 156s
2015-12-08 20:55:23 [INFO ] CarRun-Thread-927:114 - car id = 600841 go out! spend time is 147s
2015-12-08 20:55:24 [INFO ] CarRun-Thread-948:114 - car id = 600842 go out! spend time is 138s
2015-12-08 20:55:25 [INFO ] CarRun-Thread-947:114 - car id = 600642 go out! spend time is 139s
2015-12-08 20:55:27 [INFO ] CarRun-Thread-1077:114 - car id = 600800 go out! spend time is 61s
2015-12-08 20:55:27 [INFO ] CarRun-Thread-995:114 - car id = 600695 go out! spend time is 111s
2015-12-08 20:55:27 [INFO ] CarRun-Thread-1093:114 - car id = 600500 go out! spend time is 61s
2015-12-08 20:55:29 [INFO ] CarRun-Thread-1087:114 - car id = 600450 go out! spend time is 63s
2015-12-08 20:55:30 [INFO ] CarRun-Thread-1013:114 - car id = 600346 go out! spend time is 104s
2015-12-08 20:55:30 [INFO ] CarRun-Thread-961:114 - car id = 600643 go out! spend time is 134s
2015-12-08 20:55:30 [INFO ] CarRun-Thread-987:114 - car id = 600044 go out! spend time is 124s
2015-12-08 20:55:31 [INFO ] CarRun-Thread-1021:114 - car id = 600396 go out! spend time is 105s
2015-12-08 20:55:31 [INFO ] CarRun-Thread-945:114 - car id = 600192 go out! spend time is 145s
2015-12-08 20:55:32 [INFO ] CarRun-Thread-978:114 - car id = 600244 go out! spend time is 125s
2015-12-08 20:55:32 [INFO ] CarRun-Thread-1092:114 - car id = 600600 go out! spend time is 66s
2015-12-08 20:55:32 [INFO ] CarRun-Thread-988:114 - car id = 600144 go out! spend time is 126s
2015-12-08 20:55:32 [INFO ] CarRun-Thread-925:114 - car id = 600291 go out! spend time is 156s
2015-12-08 20:55:33 [INFO ] CarRun-Thread-1040:114 - car id = 600097 go out! spend time is 97s
2015-12-08 20:55:33 [INFO ] CarRun-Thread-1018:114 - car id = 600096 go out! spend time is 107s
2015-12-08 20:55:33 [INFO ] CarRun-Thread-960:114 - car id = 600843 go out! spend time is 137s
2015-12-08 20:55:35 [INFO ] CarRun-Thread-977:114 - car id = 600644 go out! spend time is 129s
2015-12-08 20:55:36 [INFO ] CarRun-Thread-964:114 - car id = 600193 go out! spend time is 140s
2015-12-08 20:55:37 [INFO ] CarRun-Thread-1014:114 - car id = 600696 go out! spend time is 111s
2015-12-08 20:55:38 [INFO ] CarRun-Thread-1035:114 - car id = 600397 go out! spend time is 102s
2015-12-08 20:55:41 [INFO ] CarRun-Thread-999:114 - car id = 600245 go out! spend time is 125s
2015-12-08 20:55:42 [INFO ] CarRun-Thread-1027:114 - car id = 600347 go out! spend time is 106s
2015-12-08 20:55:42 [INFO ] CarRun-Thread-1000:114 - car id = 600145 go out! spend time is 126s
2015-12-08 20:55:42 [INFO ] CarRun-Thread-1023:114 - car id = 600146 go out! spend time is 116s
2015-12-08 20:55:42 [INFO ] CarRun-Thread-946:114 - car id = 600292 go out! spend time is 156s
2015-12-08 20:55:46 [INFO ] CarRun-Thread-975:114 - car id = 600194 go out! spend time is 140s
2015-12-08 20:55:47 [INFO ] CarRun-Thread-1031:114 - car id = 600697 go out! spend time is 111s
2015-12-08 20:55:48 [INFO ] CarRun-Thread-1050:114 - car id = 600348 go out! spend time is 101s
2015-12-08 20:55:48 [INFO ] CarRun-Thread-1053:114 - car id = 600398 go out! spend time is 101s
2015-12-08 20:55:50 [INFO ] CarRun-Thread-1041:114 - car id = 600147 go out! spend time is 114s
2015-12-08 20:55:50 [INFO ] CarRun-Thread-1015:114 - car id = 600246 go out! spend time is 124s
2015-12-08 20:55:51 [INFO ] CarRun-Thread-963:114 - car id = 600293 go out! spend time is 155s
2015-12-08 20:55:51 [INFO ] CarRun-Thread-1055:114 - car id = 600098 go out! spend time is 105s
2015-12-08 20:55:52 [INFO ] CarRun-Thread-980:114 - car id = 600844 go out! spend time is 146s
2015-12-08 20:55:52 [INFO ] CarRun-Thread-992:114 - car id = 600845 go out! spend time is 136s
2015-12-08 20:55:53 [INFO ] CarRun-Thread-993:114 - car id = 600645 go out! spend time is 137s
2015-12-08 20:55:55 [INFO ] CarRun-Thread-1030:114 - car id = 600247 go out! spend time is 119s
2015-12-08 20:55:55 [INFO ] CarRun-Thread-1044:114 - car id = 600698 go out! spend time is 109s
2015-12-08 20:55:55 [INFO ] CarRun-Thread-998:114 - car id = 600195 go out! spend time is 139s
2015-12-08 20:55:57 [INFO ] CarRun-Thread-1068:114 - car id = 600399 go out! spend time is 101s
2015-12-08 20:55:57 [INFO ] CarRun-Thread-1066:114 - car id = 600349 go out! spend time is 101s
2015-12-08 20:56:00 [INFO ] CarRun-Thread-1071:114 - car id = 600099 go out! spend time is 103s
2015-12-08 20:56:00 [INFO ] CarRun-Thread-1017:114 - car id = 600046 go out! spend time is 134s
2015-12-08 20:56:00 [INFO ] CarRun-Thread-1003:114 - car id = 600045 go out! spend time is 144s
2015-12-08 20:56:00 [INFO ] CarRun-Thread-1038:114 - car id = 600047 go out! spend time is 124s
2015-12-08 20:56:00 [INFO ] CarRun-Thread-1054:114 - car id = 600148 go out! spend time is 114s
2015-12-08 20:56:01 [INFO ] CarRun-Thread-1043:114 - car id = 600248 go out! spend time is 115s
2015-12-08 20:56:01 [INFO ] CarRun-Thread-982:114 - car id = 600294 go out! spend time is 155s
2015-12-08 20:56:02 [INFO ] CarRun-Thread-1009:114 - car id = 600846 go out! spend time is 136s
2015-12-08 20:56:04 [INFO ] CarRun-Thread-1012:114 - car id = 600646 go out! spend time is 138s
2015-12-08 20:56:06 [INFO ] CarRun-Thread-1010:114 - car id = 600196 go out! spend time is 139s
2015-12-08 20:56:06 [INFO ] CarRun-Thread-1062:114 - car id = 600699 go out! spend time is 109s
2015-12-08 20:56:06 [INFO ] CarRun-Thread-1078:114 - car id = 600350 go out! spend time is 99s
2015-12-08 20:56:10 [INFO ] CarRun-Thread-1072:114 - car id = 600049 go out! spend time is 114s
2015-12-08 20:56:10 [INFO ] CarRun-Thread-1088:114 - car id = 600100 go out! spend time is 104s
2015-12-08 20:56:10 [INFO ] CarRun-Thread-1052:114 - car id = 600048 go out! spend time is 124s
2015-12-08 20:56:10 [INFO ] CarRun-Thread-1090:114 - car id = 600050 go out! spend time is 104s
2015-12-08 20:56:10 [INFO ] CarRun-Thread-1074:114 - car id = 600149 go out! spend time is 114s
2015-12-08 20:56:10 [INFO ] CarRun-Thread-1091:114 - car id = 600150 go out! spend time is 104s
2015-12-08 20:56:11 [INFO ] CarRun-Thread-1061:114 - car id = 600249 go out! spend time is 114s
2015-12-08 20:56:11 [INFO ] CarRun-Thread-994:114 - car id = 600295 go out! spend time is 155s
2015-12-08 20:56:13 [INFO ] CarRun-Thread-1033:114 - car id = 600647 go out! spend time is 137s
2015-12-08 20:56:13 [INFO ] CarRun-Thread-1047:114 - car id = 600648 go out! spend time is 127s
2015-12-08 20:56:15 [INFO ] CarRun-Thread-1082:114 - car id = 600700 go out! spend time is 109s
2015-12-08 20:56:15 [INFO ] CarRun-Thread-1086:114 - car id = 600400 go out! spend time is 109s
2015-12-08 20:56:15 [INFO ] CarRun-Thread-1029:114 - car id = 600197 go out! spend time is 139s
2015-12-08 20:56:21 [INFO ] CarRun-Thread-1083:114 - car id = 600250 go out! spend time is 115s
2015-12-08 20:56:21 [INFO ] CarRun-Thread-1032:114 - car id = 600297 go out! spend time is 145s
2015-12-08 20:56:21 [INFO ] CarRun-Thread-1011:114 - car id = 600296 go out! spend time is 155s
2015-12-08 20:56:22 [INFO ] CarRun-Thread-1048:114 - car id = 600848 go out! spend time is 136s
2015-12-08 20:56:22 [INFO ] CarRun-Thread-1028:114 - car id = 600847 go out! spend time is 146s
2015-12-08 20:56:23 [INFO ] CarRun-Thread-1063:114 - car id = 600649 go out! spend time is 127s
2015-12-08 20:56:25 [INFO ] CarRun-Thread-1046:114 - car id = 600198 go out! spend time is 139s
2015-12-08 20:56:25 [INFO ] CarRun-Thread-1064:114 - car id = 600199 go out! spend time is 129s
2015-12-08 20:56:31 [INFO ] CarRun-Thread-1045:114 - car id = 600298 go out! spend time is 145s
2015-12-08 20:56:32 [INFO ] CarRun-Thread-1067:114 - car id = 600849 go out! spend time is 136s
2015-12-08 20:56:33 [INFO ] CarRun-Thread-1080:114 - car id = 600650 go out! spend time is 127s
2015-12-08 20:56:41 [INFO ] CarRun-Thread-1060:114 - car id = 600299 go out! spend time is 145s
2015-12-08 20:56:41 [INFO ] CarRun-Thread-1081:114 - car id = 600300 go out! spend time is 135s
2015-12-08 20:56:52 [INFO ] CarRun-Thread-1084:114 - car id = 600850 go out! spend time is 146s
2015-12-08 20:56:55 [INFO ] CarRun-Thread-1079:114 - car id = 600200 go out! spend time is 149s
